
----------------------------------------
2017-11-09 16:53:13
localhost/admin/cases/getList
GET
SELECT count(`id`) FROM uee_product WHERE `type`="2" ORDER BY `create_time` DESC, `id` DESC;
----------------------------------------
2017-11-09 16:53:13
localhost/admin/cases/getList
GET
SELECT * FROM uee_product WHERE `type`="2" ORDER BY `create_time` DESC, `id` DESC LIMIT 0,10;
----------------------------------------
2017-11-09 16:53:13
localhost/admin/cases/getList
GET
SELECT * FROM uee_image WHERE `id` IN (100);
----------------------------------------
2017-11-09 16:53:15
localhost/admin/index/index?XDEBUG_SESSION_START=11808
GET
SELECT * FROM uee_comment WHERE `type` IN (0,1,2) AND `status` = "0";
----------------------------------------
2017-11-09 16:53:15
localhost/admin/index/index?XDEBUG_SESSION_START=11808
GET
SELECT * FROM uee_comment WHERE `type` = "3" AND `status` = "0";
----------------------------------------
2017-11-09 16:53:15
localhost/admin/index/welcome
GET
SELECT * FROM uee_admin WHERE `title`="admin";
----------------------------------------
2017-11-09 16:53:15
localhost/admin/index/welcome
GET
SELECT * FROM uee_article;
----------------------------------------
2017-11-09 16:53:15
localhost/admin/index/welcome
GET
SELECT * FROM uee_comment WHERE `type` IN (0,1,2);
----------------------------------------
2017-11-09 16:53:15
localhost/admin/index/welcome
GET
SELECT * FROM uee_comment WHERE `type`="3";
----------------------------------------
2017-11-09 16:53:15
localhost/admin/index/welcome
GET
SELECT * FROM uee_admin;
----------------------------------------
2017-11-09 16:53:15
localhost/admin/index/welcome
GET
SELECT * FROM uee_role;
----------------------------------------
2017-11-09 16:53:17
localhost/admin/cases/getList
GET
SELECT count(`id`) FROM uee_product WHERE `type`="2" ORDER BY `create_time` DESC, `id` DESC;
----------------------------------------
2017-11-09 16:53:17
localhost/admin/cases/getList
GET
SELECT * FROM uee_product WHERE `type`="2" ORDER BY `create_time` DESC, `id` DESC LIMIT 0,10;
----------------------------------------
2017-11-09 16:53:17
localhost/admin/cases/getList
GET
SELECT * FROM uee_image WHERE `id` IN (100);
----------------------------------------
2017-11-09 16:53:22
localhost/api/image/add
POST
上传图片: uploads/d89669187a33e552bbe7a40369c6ef1a.png
----------------------------------------
2017-11-09 16:53:22
localhost/api/image/add
POST
INSERT INTO uee_image(`img_url`, `create_time`, `update_time`) VALUES ('/uploads/d89669187a33e552bbe7a40369c6ef1a.png', '1510217602', '1510217602')
----------------------------------------
2017-11-09 16:53:35
localhost/api/cases/add
POST
INSERT INTO uee_product(`title`, `slug`, `content`, `keyword`, `description`, `img_id`, `comment`, `stick`, `type`, `create_time`, `update_time`) VALUES ('美的电器', '', '', '', '', '102', '1', '0', '2', '1510217615', '1510217615')
----------------------------------------
2017-11-09 16:53:36
localhost/admin/cases/getList
GET
SELECT count(`id`) FROM uee_product WHERE `type`="2" ORDER BY `create_time` DESC, `id` DESC;
----------------------------------------
2017-11-09 16:53:36
localhost/admin/cases/getList
GET
SELECT * FROM uee_product WHERE `type`="2" ORDER BY `create_time` DESC, `id` DESC LIMIT 0,10;
----------------------------------------
2017-11-09 16:53:36
localhost/admin/cases/getList
GET
SELECT * FROM uee_image WHERE `id` IN (102,100);
----------------------------------------
2017-11-09 16:53:49
localhost/api/image/add
POST
上传图片: uploads/952a4868219a0a1440853d5dc4cbcb9b.png
----------------------------------------
2017-11-09 16:53:49
localhost/api/image/add
POST
INSERT INTO uee_image(`img_url`, `create_time`, `update_time`) VALUES ('/uploads/952a4868219a0a1440853d5dc4cbcb9b.png', '1510217629', '1510217629')
----------------------------------------
2017-11-09 16:53:58
localhost/api/cases/add
POST
INSERT INTO uee_product(`title`, `slug`, `content`, `keyword`, `description`, `img_id`, `comment`, `stick`, `type`, `create_time`, `update_time`) VALUES ('江南环保', '', '', '', '', '103', '1', '0', '2', '1510217638', '1510217638')
----------------------------------------
2017-11-09 16:53:59
localhost/admin/cases/getList
GET
SELECT count(`id`) FROM uee_product WHERE `type`="2" ORDER BY `create_time` DESC, `id` DESC;
----------------------------------------
2017-11-09 16:53:59
localhost/admin/cases/getList
GET
SELECT * FROM uee_product WHERE `type`="2" ORDER BY `create_time` DESC, `id` DESC LIMIT 0,10;
----------------------------------------
2017-11-09 16:53:59
localhost/admin/cases/getList
GET
SELECT * FROM uee_image WHERE `id` IN (103,102,100);
----------------------------------------
2017-11-09 16:54:04
localhost/api/image/add
POST
上传图片: uploads/1a7253e5e1007c6428422064bcba3b6c.png
----------------------------------------
2017-11-09 16:54:04
localhost/api/image/add
POST
INSERT INTO uee_image(`img_url`, `create_time`, `update_time`) VALUES ('/uploads/1a7253e5e1007c6428422064bcba3b6c.png', '1510217644', '1510217644')
----------------------------------------
2017-11-09 16:54:16
localhost/api/cases/add
POST
INSERT INTO uee_product(`title`, `slug`, `content`, `keyword`, `description`, `img_id`, `comment`, `stick`, `type`, `create_time`, `update_time`) VALUES ('联邦制药', '', '', '', '', '104', '1', '0', '2', '1510217656', '1510217656')
----------------------------------------
2017-11-09 16:54:17
localhost/admin/cases/getList
GET
SELECT count(`id`) FROM uee_product WHERE `type`="2" ORDER BY `create_time` DESC, `id` DESC;
----------------------------------------
2017-11-09 16:54:17
localhost/admin/cases/getList
GET
SELECT * FROM uee_product WHERE `type`="2" ORDER BY `create_time` DESC, `id` DESC LIMIT 0,10;
----------------------------------------
2017-11-09 16:54:17
localhost/admin/cases/getList
GET
SELECT * FROM uee_image WHERE `id` IN (104,103,102,100);
----------------------------------------
2017-11-09 16:54:23
localhost/api/image/add
POST
上传图片: uploads/00a3a448c8d2748226fb6b59f44d82a7.png
----------------------------------------
2017-11-09 16:54:23
localhost/api/image/add
POST
INSERT INTO uee_image(`img_url`, `create_time`, `update_time`) VALUES ('/uploads/00a3a448c8d2748226fb6b59f44d82a7.png', '1510217663', '1510217663')
----------------------------------------
2017-11-09 16:54:30
localhost/api/cases/add
POST
INSERT INTO uee_product(`title`, `slug`, `content`, `keyword`, `description`, `img_id`, `comment`, `stick`, `type`, `create_time`, `update_time`) VALUES ('北京执力', '', '', '', '', '105', '1', '0', '2', '1510217670', '1510217670')
----------------------------------------
2017-11-09 16:54:32
localhost/admin/cases/getList
GET
SELECT count(`id`) FROM uee_product WHERE `type`="2" ORDER BY `create_time` DESC, `id` DESC;
----------------------------------------
2017-11-09 16:54:32
localhost/admin/cases/getList
GET
SELECT * FROM uee_product WHERE `type`="2" ORDER BY `create_time` DESC, `id` DESC LIMIT 0,10;
----------------------------------------
2017-11-09 16:54:32
localhost/admin/cases/getList
GET
SELECT * FROM uee_image WHERE `id` IN (105,104,103,102,100);
----------------------------------------
2017-11-09 16:54:40
localhost/api/image/add
POST
上传图片: uploads/5f8052a22bea2c798ca2f4e586cdf57e.png
----------------------------------------
2017-11-09 16:54:40
localhost/api/image/add
POST
INSERT INTO uee_image(`img_url`, `create_time`, `update_time`) VALUES ('/uploads/5f8052a22bea2c798ca2f4e586cdf57e.png', '1510217680', '1510217680')
----------------------------------------
2017-11-09 16:54:44
localhost/api/cases/add
POST
INSERT INTO uee_product(`title`, `slug`, `content`, `keyword`, `description`, `img_id`, `comment`, `stick`, `type`, `create_time`, `update_time`) VALUES ('格力电器', '', '', '', '', '106', '1', '0', '2', '1510217684', '1510217684')
----------------------------------------
2017-11-09 16:54:46
localhost/admin/cases/getList
GET
SELECT count(`id`) FROM uee_product WHERE `type`="2" ORDER BY `create_time` DESC, `id` DESC;
----------------------------------------
2017-11-09 16:54:46
localhost/admin/cases/getList
GET
SELECT * FROM uee_product WHERE `type`="2" ORDER BY `create_time` DESC, `id` DESC LIMIT 0,10;
----------------------------------------
2017-11-09 16:54:46
localhost/admin/cases/getList
GET
SELECT * FROM uee_image WHERE `id` IN (106,105,104,103,102,100);
----------------------------------------
2017-11-09 16:56:46
localhost/admin/cases/getList
GET
SELECT count(`id`) FROM uee_product WHERE `type`="2" ORDER BY `create_time` DESC, `id` DESC;
----------------------------------------
2017-11-09 16:56:46
localhost/admin/cases/getList
GET
SELECT * FROM uee_product WHERE `type`="2" ORDER BY `create_time` DESC, `id` DESC LIMIT 0,10;
----------------------------------------
2017-11-09 16:56:46
localhost/admin/cases/getList
GET
SELECT * FROM uee_image WHERE `id` IN (106,105,104,103,102,100);
----------------------------------------
2017-11-09 16:56:50
localhost/api/cases/delete
POST
DELETE FROM uee_product WHERE `id`="211"
----------------------------------------
2017-11-09 16:56:50
localhost/admin/cases/getList
GET
SELECT count(`id`) FROM uee_product WHERE `type`="2" ORDER BY `create_time` DESC, `id` DESC;
----------------------------------------
2017-11-09 16:56:50
localhost/admin/cases/getList
GET
SELECT * FROM uee_product WHERE `type`="2" ORDER BY `create_time` DESC, `id` DESC LIMIT 0,10;
----------------------------------------
2017-11-09 16:56:50
localhost/admin/cases/getList
GET
SELECT * FROM uee_image WHERE `id` IN (105,104,103,102,100);
----------------------------------------
2017-11-09 16:57:09
localhost/api/cases/deleteAll
POST
DELETE FROM uee_product WHERE `id` IN (210)
----------------------------------------
2017-11-09 16:57:09
localhost/admin/cases/getList
GET
SELECT count(`id`) FROM uee_product WHERE `type`="2" ORDER BY `create_time` DESC, `id` DESC;
----------------------------------------
2017-11-09 16:57:09
localhost/admin/cases/getList
GET
SELECT * FROM uee_product WHERE `type`="2" ORDER BY `create_time` DESC, `id` DESC LIMIT 0,10;
----------------------------------------
2017-11-09 16:57:09
localhost/admin/cases/getList
GET
SELECT * FROM uee_image WHERE `id` IN (104,103,102,100);
----------------------------------------
2017-11-09 17:03:54
localhost/?XDEBUG_SESSION_START=11808
GET
SELECT count(`id`) FROM uee_product WHERE `type`="2" ORDER BY id DESC;
----------------------------------------
2017-11-09 17:03:54
localhost/?XDEBUG_SESSION_START=11808
GET
SELECT * FROM uee_product WHERE `type`="2" ORDER BY id DESC LIMIT 0,10;
----------------------------------------
2017-11-09 17:03:54
localhost/?XDEBUG_SESSION_START=11808
GET
SELECT * FROM uee_image WHERE `id` IN (104,103,102,100);
----------------------------------------
2017-11-09 17:04:21
localhost/?XDEBUG_SESSION_START=11808
GET
Error Message: Undefined index: header(0)<br/>Error File: E:\www\ueepress2\runtime\tempate_c\16a647c71be311b370b4863c81b91412c4efae38_0.file._meta.html.php : 46<br>

----------------------------------------
2017-11-09 17:04:21
localhost/?XDEBUG_SESSION_START=11808
GET
Error Message: Trying to get property of non-object(0)<br/>Error File: E:\www\ueepress2\runtime\tempate_c\16a647c71be311b370b4863c81b91412c4efae38_0.file._meta.html.php : 46<br>

----------------------------------------
2017-11-09 17:04:21
localhost/?XDEBUG_SESSION_START=11808
GET
Error Message: Undefined index: header(0)<br/>Error File: E:\www\ueepress2\runtime\tempate_c\16a647c71be311b370b4863c81b91412c4efae38_0.file._meta.html.php : 48<br>

----------------------------------------
2017-11-09 17:04:21
localhost/?XDEBUG_SESSION_START=11808
GET
Error Message: Trying to get property of non-object(0)<br/>Error File: E:\www\ueepress2\runtime\tempate_c\16a647c71be311b370b4863c81b91412c4efae38_0.file._meta.html.php : 48<br>

----------------------------------------
2017-11-09 17:04:21
localhost/?XDEBUG_SESSION_START=11808
GET
Error Message: Undefined index: header(0)<br/>Error File: E:\www\ueepress2\runtime\tempate_c\16a647c71be311b370b4863c81b91412c4efae38_0.file._meta.html.php : 50<br>

----------------------------------------
2017-11-09 17:04:21
localhost/?XDEBUG_SESSION_START=11808
GET
Error Message: Trying to get property of non-object(0)<br/>Error File: E:\www\ueepress2\runtime\tempate_c\16a647c71be311b370b4863c81b91412c4efae38_0.file._meta.html.php : 50<br>

----------------------------------------
2017-11-09 17:04:21
localhost/?XDEBUG_SESSION_START=11808
GET
Error Message: Undefined index: header(0)<br/>Error File: E:\www\ueepress2\runtime\tempate_c\1fd866c974b1abbc94f8cf90f515696e18a9de48_0.file._header.html.php : 28<br>

----------------------------------------
2017-11-09 17:04:21
localhost/?XDEBUG_SESSION_START=11808
GET
Error Message: Trying to get property of non-object(0)<br/>Error File: E:\www\ueepress2\runtime\tempate_c\1fd866c974b1abbc94f8cf90f515696e18a9de48_0.file._header.html.php : 28<br>

----------------------------------------
2017-11-09 17:04:21
localhost/?XDEBUG_SESSION_START=11808
GET
Error Message: Undefined index: header(0)<br/>Error File: E:\www\ueepress2\runtime\tempate_c\1fd866c974b1abbc94f8cf90f515696e18a9de48_0.file._header.html.php : 31<br>

----------------------------------------
2017-11-09 17:04:21
localhost/?XDEBUG_SESSION_START=11808
GET
Error Message: Trying to get property of non-object(0)<br/>Error File: E:\www\ueepress2\runtime\tempate_c\1fd866c974b1abbc94f8cf90f515696e18a9de48_0.file._header.html.php : 31<br>

----------------------------------------
2017-11-09 17:04:21
localhost/?XDEBUG_SESSION_START=11808
GET
Error Message: Undefined index: header(0)<br/>Error File: E:\www\ueepress2\runtime\tempate_c\1fd866c974b1abbc94f8cf90f515696e18a9de48_0.file._header.html.php : 32<br>

----------------------------------------
2017-11-09 17:04:21
localhost/?XDEBUG_SESSION_START=11808
GET
Error Message: Trying to get property of non-object(0)<br/>Error File: E:\www\ueepress2\runtime\tempate_c\1fd866c974b1abbc94f8cf90f515696e18a9de48_0.file._header.html.php : 32<br>

----------------------------------------
2017-11-09 17:04:21
localhost/?XDEBUG_SESSION_START=11808
GET
Error Message: Undefined index: header(0)<br/>Error File: E:\www\ueepress2\runtime\tempate_c\1fd866c974b1abbc94f8cf90f515696e18a9de48_0.file._header.html.php : 35<br>

----------------------------------------
2017-11-09 17:04:21
localhost/?XDEBUG_SESSION_START=11808
GET
Error Message: Trying to get property of non-object(0)<br/>Error File: E:\www\ueepress2\runtime\tempate_c\1fd866c974b1abbc94f8cf90f515696e18a9de48_0.file._header.html.php : 35<br>

----------------------------------------
2017-11-09 17:04:21
localhost/?XDEBUG_SESSION_START=11808
GET
Error Message: Undefined index: header(0)<br/>Error File: E:\www\ueepress2\runtime\tempate_c\1fd866c974b1abbc94f8cf90f515696e18a9de48_0.file._header.html.php : 36<br>

----------------------------------------
2017-11-09 17:04:21
localhost/?XDEBUG_SESSION_START=11808
GET
Error Message: Trying to get property of non-object(0)<br/>Error File: E:\www\ueepress2\runtime\tempate_c\1fd866c974b1abbc94f8cf90f515696e18a9de48_0.file._header.html.php : 36<br>

----------------------------------------
2017-11-09 17:04:21
localhost/?XDEBUG_SESSION_START=11808
GET
Error Message: Undefined index: header(0)<br/>Error File: E:\www\ueepress2\runtime\tempate_c\1fd866c974b1abbc94f8cf90f515696e18a9de48_0.file._header.html.php : 39<br>

----------------------------------------
2017-11-09 17:04:21
localhost/?XDEBUG_SESSION_START=11808
GET
Error Message: Trying to get property of non-object(0)<br/>Error File: E:\www\ueepress2\runtime\tempate_c\1fd866c974b1abbc94f8cf90f515696e18a9de48_0.file._header.html.php : 39<br>

----------------------------------------
2017-11-09 17:04:21
localhost/?XDEBUG_SESSION_START=11808
GET
Error Message: Undefined index: header(0)<br/>Error File: E:\www\ueepress2\runtime\tempate_c\1fd866c974b1abbc94f8cf90f515696e18a9de48_0.file._header.html.php : 40<br>

----------------------------------------
2017-11-09 17:04:21
localhost/?XDEBUG_SESSION_START=11808
GET
Error Message: Trying to get property of non-object(0)<br/>Error File: E:\www\ueepress2\runtime\tempate_c\1fd866c974b1abbc94f8cf90f515696e18a9de48_0.file._header.html.php : 40<br>

----------------------------------------
2017-11-09 17:04:21
localhost/?XDEBUG_SESSION_START=11808
GET
Error Message: Undefined index: ads(0)<br/>Error File: E:\www\ueepress2\runtime\tempate_c\1fd866c974b1abbc94f8cf90f515696e18a9de48_0.file._header.html.php : 49<br>

----------------------------------------
2017-11-09 17:04:21
localhost/?XDEBUG_SESSION_START=11808
GET
Error Message: Trying to get property of non-object(0)<br/>Error File: E:\www\ueepress2\runtime\tempate_c\1fd866c974b1abbc94f8cf90f515696e18a9de48_0.file._header.html.php : 49<br>

----------------------------------------
2017-11-09 17:04:21
localhost/?XDEBUG_SESSION_START=11808
GET
Error Message: Undefined index: header(0)<br/>Error File: E:\www\ueepress2\runtime\tempate_c\1fd866c974b1abbc94f8cf90f515696e18a9de48_0.file._header.html.php : 53<br>

----------------------------------------
2017-11-09 17:04:21
localhost/?XDEBUG_SESSION_START=11808
GET
Error Message: Trying to get property of non-object(0)<br/>Error File: E:\www\ueepress2\runtime\tempate_c\1fd866c974b1abbc94f8cf90f515696e18a9de48_0.file._header.html.php : 53<br>

----------------------------------------
2017-11-09 17:04:21
localhost/?XDEBUG_SESSION_START=11808
GET
Error Message: Undefined index: header(0)<br/>Error File: E:\www\ueepress2\runtime\tempate_c\1fd866c974b1abbc94f8cf90f515696e18a9de48_0.file._header.html.php : 55<br>

----------------------------------------
2017-11-09 17:04:21
localhost/?XDEBUG_SESSION_START=11808
GET
Error Message: Trying to get property of non-object(0)<br/>Error File: E:\www\ueepress2\runtime\tempate_c\1fd866c974b1abbc94f8cf90f515696e18a9de48_0.file._header.html.php : 55<br>

----------------------------------------
2017-11-09 17:04:21
localhost/?XDEBUG_SESSION_START=11808
GET
Error Message: Undefined index: ads(0)<br/>Error File: E:\www\ueepress2\runtime\tempate_c\1fd866c974b1abbc94f8cf90f515696e18a9de48_0.file._header.html.php : 88<br>

----------------------------------------
2017-11-09 17:04:21
localhost/?XDEBUG_SESSION_START=11808
GET
Error Message: Trying to get property of non-object(0)<br/>Error File: E:\www\ueepress2\runtime\tempate_c\1fd866c974b1abbc94f8cf90f515696e18a9de48_0.file._header.html.php : 88<br>

----------------------------------------
2017-11-09 17:04:21
localhost/admin/cases/getList
GET
SELECT count(`id`) FROM uee_product WHERE `type`="2" ORDER BY `create_time` DESC, `id` DESC;
----------------------------------------
2017-11-09 17:04:21
localhost/admin/cases/getList
GET
SELECT * FROM uee_product WHERE `type`="2" ORDER BY `create_time` DESC, `id` DESC LIMIT 0,10;
----------------------------------------
2017-11-09 17:04:21
localhost/admin/cases/getList
GET
SELECT * FROM uee_image WHERE `id` IN (104,103,102,100);
----------------------------------------
2017-11-09 17:04:21
localhost/js/pt_js.js
GET
Error Message: Class 'app\js\controller\pt_js' not found(0)<br/>Error File: E:\www\ueepress2\libs\Route.php(115) : eval()'d code : 1<br>

----------------------------------------
2017-11-09 17:04:21
localhost/js/jquery.scrollshow.js
GET
Error Message: Class 'app\js\controller\jquery' not found(0)<br/>Error File: E:\www\ueepress2\libs\Route.php(115) : eval()'d code : 1<br>

----------------------------------------
2017-11-09 17:04:22
localhost/js/pt_js.js
GET
Error Message: Class 'app\js\controller\pt_js' not found(0)<br/>Error File: E:\www\ueepress2\libs\Route.php(115) : eval()'d code : 1<br>

----------------------------------------
2017-11-09 17:04:44
localhost/?XDEBUG_SESSION_START=11808
GET
SELECT count(`id`) FROM uee_product WHERE `type`="2" ORDER BY id DESC;
----------------------------------------
2017-11-09 17:04:44
localhost/?XDEBUG_SESSION_START=11808
GET
SELECT * FROM uee_product WHERE `type`="2" ORDER BY id DESC LIMIT 0,10;
----------------------------------------
2017-11-09 17:04:44
localhost/?XDEBUG_SESSION_START=11808
GET
SELECT * FROM uee_image WHERE `id` IN (104,103,102,100);
----------------------------------------
2017-11-09 17:04:44
localhost/?XDEBUG_SESSION_START=11808
GET
Error Message: Undefined index: header(0)<br/>Error File: E:\www\ueepress2\runtime\tempate_c\16a647c71be311b370b4863c81b91412c4efae38_0.file._meta.html.php : 46<br>

----------------------------------------
2017-11-09 17:04:44
localhost/?XDEBUG_SESSION_START=11808
GET
Error Message: Trying to get property of non-object(0)<br/>Error File: E:\www\ueepress2\runtime\tempate_c\16a647c71be311b370b4863c81b91412c4efae38_0.file._meta.html.php : 46<br>

----------------------------------------
2017-11-09 17:04:44
localhost/?XDEBUG_SESSION_START=11808
GET
Error Message: Undefined index: header(0)<br/>Error File: E:\www\ueepress2\runtime\tempate_c\16a647c71be311b370b4863c81b91412c4efae38_0.file._meta.html.php : 48<br>

----------------------------------------
2017-11-09 17:04:44
localhost/?XDEBUG_SESSION_START=11808
GET
Error Message: Trying to get property of non-object(0)<br/>Error File: E:\www\ueepress2\runtime\tempate_c\16a647c71be311b370b4863c81b91412c4efae38_0.file._meta.html.php : 48<br>

----------------------------------------
2017-11-09 17:04:44
localhost/?XDEBUG_SESSION_START=11808
GET
Error Message: Undefined index: header(0)<br/>Error File: E:\www\ueepress2\runtime\tempate_c\16a647c71be311b370b4863c81b91412c4efae38_0.file._meta.html.php : 50<br>

----------------------------------------
2017-11-09 17:04:44
localhost/?XDEBUG_SESSION_START=11808
GET
Error Message: Trying to get property of non-object(0)<br/>Error File: E:\www\ueepress2\runtime\tempate_c\16a647c71be311b370b4863c81b91412c4efae38_0.file._meta.html.php : 50<br>

----------------------------------------
2017-11-09 17:04:44
localhost/?XDEBUG_SESSION_START=11808
GET
Error Message: Undefined index: header(0)<br/>Error File: E:\www\ueepress2\runtime\tempate_c\1fd866c974b1abbc94f8cf90f515696e18a9de48_0.file._header.html.php : 28<br>

----------------------------------------
2017-11-09 17:04:44
localhost/?XDEBUG_SESSION_START=11808
GET
Error Message: Trying to get property of non-object(0)<br/>Error File: E:\www\ueepress2\runtime\tempate_c\1fd866c974b1abbc94f8cf90f515696e18a9de48_0.file._header.html.php : 28<br>

----------------------------------------
2017-11-09 17:04:44
localhost/?XDEBUG_SESSION_START=11808
GET
Error Message: Undefined index: header(0)<br/>Error File: E:\www\ueepress2\runtime\tempate_c\1fd866c974b1abbc94f8cf90f515696e18a9de48_0.file._header.html.php : 31<br>

----------------------------------------
2017-11-09 17:04:44
localhost/?XDEBUG_SESSION_START=11808
GET
Error Message: Trying to get property of non-object(0)<br/>Error File: E:\www\ueepress2\runtime\tempate_c\1fd866c974b1abbc94f8cf90f515696e18a9de48_0.file._header.html.php : 31<br>

----------------------------------------
2017-11-09 17:04:44
localhost/?XDEBUG_SESSION_START=11808
GET
Error Message: Undefined index: header(0)<br/>Error File: E:\www\ueepress2\runtime\tempate_c\1fd866c974b1abbc94f8cf90f515696e18a9de48_0.file._header.html.php : 32<br>

----------------------------------------
2017-11-09 17:04:44
localhost/?XDEBUG_SESSION_START=11808
GET
Error Message: Trying to get property of non-object(0)<br/>Error File: E:\www\ueepress2\runtime\tempate_c\1fd866c974b1abbc94f8cf90f515696e18a9de48_0.file._header.html.php : 32<br>

----------------------------------------
2017-11-09 17:04:44
localhost/?XDEBUG_SESSION_START=11808
GET
Error Message: Undefined index: header(0)<br/>Error File: E:\www\ueepress2\runtime\tempate_c\1fd866c974b1abbc94f8cf90f515696e18a9de48_0.file._header.html.php : 35<br>

----------------------------------------
2017-11-09 17:04:44
localhost/?XDEBUG_SESSION_START=11808
GET
Error Message: Trying to get property of non-object(0)<br/>Error File: E:\www\ueepress2\runtime\tempate_c\1fd866c974b1abbc94f8cf90f515696e18a9de48_0.file._header.html.php : 35<br>

----------------------------------------
2017-11-09 17:04:44
localhost/?XDEBUG_SESSION_START=11808
GET
Error Message: Undefined index: header(0)<br/>Error File: E:\www\ueepress2\runtime\tempate_c\1fd866c974b1abbc94f8cf90f515696e18a9de48_0.file._header.html.php : 36<br>

----------------------------------------
2017-11-09 17:04:44
localhost/?XDEBUG_SESSION_START=11808
GET
Error Message: Trying to get property of non-object(0)<br/>Error File: E:\www\ueepress2\runtime\tempate_c\1fd866c974b1abbc94f8cf90f515696e18a9de48_0.file._header.html.php : 36<br>

----------------------------------------
2017-11-09 17:04:44
localhost/?XDEBUG_SESSION_START=11808
GET
Error Message: Undefined index: header(0)<br/>Error File: E:\www\ueepress2\runtime\tempate_c\1fd866c974b1abbc94f8cf90f515696e18a9de48_0.file._header.html.php : 39<br>

----------------------------------------
2017-11-09 17:04:44
localhost/?XDEBUG_SESSION_START=11808
GET
Error Message: Trying to get property of non-object(0)<br/>Error File: E:\www\ueepress2\runtime\tempate_c\1fd866c974b1abbc94f8cf90f515696e18a9de48_0.file._header.html.php : 39<br>

----------------------------------------
2017-11-09 17:04:44
localhost/?XDEBUG_SESSION_START=11808
GET
Error Message: Undefined index: header(0)<br/>Error File: E:\www\ueepress2\runtime\tempate_c\1fd866c974b1abbc94f8cf90f515696e18a9de48_0.file._header.html.php : 40<br>

----------------------------------------
2017-11-09 17:04:44
localhost/?XDEBUG_SESSION_START=11808
GET
Error Message: Trying to get property of non-object(0)<br/>Error File: E:\www\ueepress2\runtime\tempate_c\1fd866c974b1abbc94f8cf90f515696e18a9de48_0.file._header.html.php : 40<br>

----------------------------------------
2017-11-09 17:04:44
localhost/?XDEBUG_SESSION_START=11808
GET
Error Message: Undefined index: ads(0)<br/>Error File: E:\www\ueepress2\runtime\tempate_c\1fd866c974b1abbc94f8cf90f515696e18a9de48_0.file._header.html.php : 49<br>

----------------------------------------
2017-11-09 17:04:44
localhost/?XDEBUG_SESSION_START=11808
GET
Error Message: Trying to get property of non-object(0)<br/>Error File: E:\www\ueepress2\runtime\tempate_c\1fd866c974b1abbc94f8cf90f515696e18a9de48_0.file._header.html.php : 49<br>

----------------------------------------
2017-11-09 17:04:44
localhost/?XDEBUG_SESSION_START=11808
GET
Error Message: Undefined index: header(0)<br/>Error File: E:\www\ueepress2\runtime\tempate_c\1fd866c974b1abbc94f8cf90f515696e18a9de48_0.file._header.html.php : 53<br>

----------------------------------------
2017-11-09 17:04:44
localhost/?XDEBUG_SESSION_START=11808
GET
Error Message: Trying to get property of non-object(0)<br/>Error File: E:\www\ueepress2\runtime\tempate_c\1fd866c974b1abbc94f8cf90f515696e18a9de48_0.file._header.html.php : 53<br>

----------------------------------------
2017-11-09 17:04:44
localhost/?XDEBUG_SESSION_START=11808
GET
Error Message: Undefined index: header(0)<br/>Error File: E:\www\ueepress2\runtime\tempate_c\1fd866c974b1abbc94f8cf90f515696e18a9de48_0.file._header.html.php : 55<br>

----------------------------------------
2017-11-09 17:04:44
localhost/?XDEBUG_SESSION_START=11808
GET
Error Message: Trying to get property of non-object(0)<br/>Error File: E:\www\ueepress2\runtime\tempate_c\1fd866c974b1abbc94f8cf90f515696e18a9de48_0.file._header.html.php : 55<br>

----------------------------------------
2017-11-09 17:04:44
localhost/?XDEBUG_SESSION_START=11808
GET
Error Message: Undefined index: ads(0)<br/>Error File: E:\www\ueepress2\runtime\tempate_c\1fd866c974b1abbc94f8cf90f515696e18a9de48_0.file._header.html.php : 88<br>

----------------------------------------
2017-11-09 17:04:44
localhost/?XDEBUG_SESSION_START=11808
GET
Error Message: Trying to get property of non-object(0)<br/>Error File: E:\www\ueepress2\runtime\tempate_c\1fd866c974b1abbc94f8cf90f515696e18a9de48_0.file._header.html.php : 88<br>

----------------------------------------
2017-11-09 17:04:44
localhost/js/jquery.scrollshow.js
GET
Error Message: Class 'app\js\controller\jquery' not found(0)<br/>Error File: E:\www\ueepress2\libs\Route.php(115) : eval()'d code : 1<br>

----------------------------------------
2017-11-09 17:04:44
localhost/js/pt_js.js
GET
Error Message: Class 'app\js\controller\pt_js' not found(0)<br/>Error File: E:\www\ueepress2\libs\Route.php(115) : eval()'d code : 1<br>

----------------------------------------
2017-11-09 17:05:02
localhost/?XDEBUG_SESSION_START=11808
GET
SELECT * FROM uee_siteinfo WHERE `key`="sitename";
----------------------------------------
2017-11-09 17:05:02
localhost/?XDEBUG_SESSION_START=11808
GET
SELECT * FROM uee_siteinfo WHERE `key`="sitesubtitle";
----------------------------------------
2017-11-09 17:05:02
localhost/?XDEBUG_SESSION_START=11808
GET
SELECT * FROM uee_siteinfo WHERE `key`="headerwelcome";
----------------------------------------
2017-11-09 17:05:02
localhost/?XDEBUG_SESSION_START=11808
GET
SELECT * FROM uee_siteinfo WHERE `key`="headercontact";
----------------------------------------
2017-11-09 17:05:02
localhost/?XDEBUG_SESSION_START=11808
GET
SELECT * FROM uee_siteinfo WHERE `key`="headermenutitle1";
----------------------------------------
2017-11-09 17:05:02
localhost/?XDEBUG_SESSION_START=11808
GET
SELECT * FROM uee_siteinfo WHERE `key`="headermenulink1";
----------------------------------------
2017-11-09 17:05:02
localhost/?XDEBUG_SESSION_START=11808
GET
SELECT * FROM uee_siteinfo WHERE `key`="headermenutitle2";
----------------------------------------
2017-11-09 17:05:02
localhost/?XDEBUG_SESSION_START=11808
GET
SELECT * FROM uee_siteinfo WHERE `key`="headermenulink2";
----------------------------------------
2017-11-09 17:05:02
localhost/?XDEBUG_SESSION_START=11808
GET
SELECT * FROM uee_siteinfo WHERE `key`="headermenutitle3";
----------------------------------------
2017-11-09 17:05:02
localhost/?XDEBUG_SESSION_START=11808
GET
SELECT * FROM uee_siteinfo WHERE `key`="headermenulink3";
----------------------------------------
2017-11-09 17:05:02
localhost/?XDEBUG_SESSION_START=11808
GET
SELECT * FROM uee_siteinfo WHERE `key`="title";
----------------------------------------
2017-11-09 17:05:02
localhost/?XDEBUG_SESSION_START=11808
GET
SELECT * FROM uee_siteinfo WHERE `key`="description";
----------------------------------------
2017-11-09 17:05:02
localhost/?XDEBUG_SESSION_START=11808
GET
SELECT * FROM uee_siteinfo WHERE `key`="keywords";
----------------------------------------
2017-11-09 17:05:02
localhost/?XDEBUG_SESSION_START=11808
GET
SELECT * FROM uee_siteinfo WHERE `key`="copyright";
----------------------------------------
2017-11-09 17:05:02
localhost/?XDEBUG_SESSION_START=11808
GET
SELECT * FROM uee_siteinfo WHERE `key`="beianhao";
----------------------------------------
2017-11-09 17:05:02
localhost/?XDEBUG_SESSION_START=11808
GET
SELECT * FROM uee_siteinfo WHERE `key`="footertext";
----------------------------------------
2017-11-09 17:05:02
localhost/?XDEBUG_SESSION_START=11808
GET
SELECT * FROM uee_siteinfo WHERE `key`="footercontact";
----------------------------------------
2017-11-09 17:05:02
localhost/?XDEBUG_SESSION_START=11808
GET
SELECT * FROM uee_menusite WHERE id=4;
----------------------------------------
2017-11-09 17:05:02
localhost/?XDEBUG_SESSION_START=11808
GET
SELECT * FROM uee_menucontent WHERE `mid`="4" ORDER BY `listorder` DESC, `id` DESC;
----------------------------------------
2017-11-09 17:05:02
localhost/?XDEBUG_SESSION_START=11808
GET
SELECT * FROM uee_image WHERE `id` IN (0,0,0,0,0,0,0,0,0,0,0,0,0,0,0,0,0);
----------------------------------------
2017-11-09 17:05:02
localhost/?XDEBUG_SESSION_START=11808
GET
SELECT * FROM uee_menusite WHERE id=5;
----------------------------------------
2017-11-09 17:05:02
localhost/?XDEBUG_SESSION_START=11808
GET
SELECT * FROM uee_menucontent WHERE `mid`="5" ORDER BY `listorder` DESC, `id` DESC;
----------------------------------------
2017-11-09 17:05:02
localhost/?XDEBUG_SESSION_START=11808
GET
SELECT * FROM uee_image WHERE `id` IN (62,63,64,65,66,67,68,69);
----------------------------------------
2017-11-09 17:05:02
localhost/?XDEBUG_SESSION_START=11808
GET
SELECT * FROM uee_sliderbox WHERE id=2;
----------------------------------------
2017-11-09 17:05:02
localhost/?XDEBUG_SESSION_START=11808
GET
SELECT * FROM uee_sliderimg WHERE `sid`="2" ORDER BY `listorder` DESC, `id` DESC;
----------------------------------------
2017-11-09 17:05:02
localhost/?XDEBUG_SESSION_START=11808
GET
SELECT * FROM uee_image WHERE `id` IN (83);
----------------------------------------
2017-11-09 17:05:02
localhost/?XDEBUG_SESSION_START=11808
GET
SELECT * FROM uee_sliderbox WHERE id=1;
----------------------------------------
2017-11-09 17:05:02
localhost/?XDEBUG_SESSION_START=11808
GET
SELECT * FROM uee_sliderimg WHERE `sid`="1" ORDER BY `listorder` DESC, `id` DESC;
----------------------------------------
2017-11-09 17:05:02
localhost/?XDEBUG_SESSION_START=11808
GET
SELECT * FROM uee_image WHERE `id` IN (89,87,88);
----------------------------------------
2017-11-09 17:05:02
localhost/?XDEBUG_SESSION_START=11808
GET
SELECT * FROM uee_sliderbox WHERE id=5;
----------------------------------------
2017-11-09 17:05:02
localhost/?XDEBUG_SESSION_START=11808
GET
SELECT * FROM uee_sliderimg WHERE `sid`="5" ORDER BY `listorder` DESC, `id` DESC;
----------------------------------------
2017-11-09 17:05:02
localhost/?XDEBUG_SESSION_START=11808
GET
SELECT * FROM uee_image WHERE `id` IN (75);
----------------------------------------
2017-11-09 17:05:02
localhost/?XDEBUG_SESSION_START=11808
GET
SELECT count(`id`) FROM uee_product WHERE `type`="2" ORDER BY id DESC;
----------------------------------------
2017-11-09 17:05:02
localhost/?XDEBUG_SESSION_START=11808
GET
SELECT * FROM uee_product WHERE `type`="2" ORDER BY id DESC LIMIT 0,10;
----------------------------------------
2017-11-09 17:05:02
localhost/?XDEBUG_SESSION_START=11808
GET
SELECT * FROM uee_image WHERE `id` IN (104,103,102,100);
----------------------------------------
2017-11-09 17:05:03
localhost/js/jquery.scrollshow.js
GET
Error Message: Class 'app\js\controller\jquery' not found(0)<br/>Error File: E:\www\ueepress2\libs\Route.php(115) : eval()'d code : 1<br>

----------------------------------------
2017-11-09 17:05:03
localhost/js/pt_js.js
GET
Error Message: Class 'app\js\controller\pt_js' not found(0)<br/>Error File: E:\www\ueepress2\libs\Route.php(115) : eval()'d code : 1<br>

----------------------------------------
2017-11-09 17:05:24
localhost/?XDEBUG_SESSION_START=11808
GET
SELECT * FROM uee_siteinfo WHERE `key`="sitename";
----------------------------------------
2017-11-09 17:05:24
localhost/?XDEBUG_SESSION_START=11808
GET
SELECT * FROM uee_siteinfo WHERE `key`="sitesubtitle";
----------------------------------------
2017-11-09 17:05:24
localhost/?XDEBUG_SESSION_START=11808
GET
SELECT * FROM uee_siteinfo WHERE `key`="headerwelcome";
----------------------------------------
2017-11-09 17:05:24
localhost/?XDEBUG_SESSION_START=11808
GET
SELECT * FROM uee_siteinfo WHERE `key`="headercontact";
----------------------------------------
2017-11-09 17:05:24
localhost/?XDEBUG_SESSION_START=11808
GET
SELECT * FROM uee_siteinfo WHERE `key`="headermenutitle1";
----------------------------------------
2017-11-09 17:05:24
localhost/?XDEBUG_SESSION_START=11808
GET
SELECT * FROM uee_siteinfo WHERE `key`="headermenulink1";
----------------------------------------
2017-11-09 17:05:24
localhost/?XDEBUG_SESSION_START=11808
GET
SELECT * FROM uee_siteinfo WHERE `key`="headermenutitle2";
----------------------------------------
2017-11-09 17:05:24
localhost/?XDEBUG_SESSION_START=11808
GET
SELECT * FROM uee_siteinfo WHERE `key`="headermenulink2";
----------------------------------------
2017-11-09 17:05:24
localhost/?XDEBUG_SESSION_START=11808
GET
SELECT * FROM uee_siteinfo WHERE `key`="headermenutitle3";
----------------------------------------
2017-11-09 17:05:24
localhost/?XDEBUG_SESSION_START=11808
GET
SELECT * FROM uee_siteinfo WHERE `key`="headermenulink3";
----------------------------------------
2017-11-09 17:05:24
localhost/?XDEBUG_SESSION_START=11808
GET
SELECT * FROM uee_siteinfo WHERE `key`="title";
----------------------------------------
2017-11-09 17:05:24
localhost/?XDEBUG_SESSION_START=11808
GET
SELECT * FROM uee_siteinfo WHERE `key`="description";
----------------------------------------
2017-11-09 17:05:24
localhost/?XDEBUG_SESSION_START=11808
GET
SELECT * FROM uee_siteinfo WHERE `key`="keywords";
----------------------------------------
2017-11-09 17:05:24
localhost/?XDEBUG_SESSION_START=11808
GET
SELECT * FROM uee_siteinfo WHERE `key`="copyright";
----------------------------------------
2017-11-09 17:05:24
localhost/?XDEBUG_SESSION_START=11808
GET
SELECT * FROM uee_siteinfo WHERE `key`="beianhao";
----------------------------------------
2017-11-09 17:05:24
localhost/?XDEBUG_SESSION_START=11808
GET
SELECT * FROM uee_siteinfo WHERE `key`="footertext";
----------------------------------------
2017-11-09 17:05:24
localhost/?XDEBUG_SESSION_START=11808
GET
SELECT * FROM uee_siteinfo WHERE `key`="footercontact";
----------------------------------------
2017-11-09 17:05:24
localhost/?XDEBUG_SESSION_START=11808
GET
SELECT * FROM uee_menusite WHERE id=4;
----------------------------------------
2017-11-09 17:05:24
localhost/?XDEBUG_SESSION_START=11808
GET
SELECT * FROM uee_menucontent WHERE `mid`="4" ORDER BY `listorder` DESC, `id` DESC;
----------------------------------------
2017-11-09 17:05:24
localhost/?XDEBUG_SESSION_START=11808
GET
SELECT * FROM uee_image WHERE `id` IN (0,0,0,0,0,0,0,0,0,0,0,0,0,0,0,0,0);
----------------------------------------
2017-11-09 17:05:24
localhost/?XDEBUG_SESSION_START=11808
GET
SELECT * FROM uee_menusite WHERE id=5;
----------------------------------------
2017-11-09 17:05:24
localhost/?XDEBUG_SESSION_START=11808
GET
SELECT * FROM uee_menucontent WHERE `mid`="5" ORDER BY `listorder` DESC, `id` DESC;
----------------------------------------
2017-11-09 17:05:24
localhost/?XDEBUG_SESSION_START=11808
GET
SELECT * FROM uee_image WHERE `id` IN (62,63,64,65,66,67,68,69);
----------------------------------------
2017-11-09 17:05:24
localhost/?XDEBUG_SESSION_START=11808
GET
SELECT * FROM uee_sliderbox WHERE id=2;
----------------------------------------
2017-11-09 17:05:24
localhost/?XDEBUG_SESSION_START=11808
GET
SELECT * FROM uee_sliderimg WHERE `sid`="2" ORDER BY `listorder` DESC, `id` DESC;
----------------------------------------
2017-11-09 17:05:24
localhost/?XDEBUG_SESSION_START=11808
GET
SELECT * FROM uee_image WHERE `id` IN (83);
----------------------------------------
2017-11-09 17:05:24
localhost/?XDEBUG_SESSION_START=11808
GET
SELECT * FROM uee_sliderbox WHERE id=1;
----------------------------------------
2017-11-09 17:05:24
localhost/?XDEBUG_SESSION_START=11808
GET
SELECT * FROM uee_sliderimg WHERE `sid`="1" ORDER BY `listorder` DESC, `id` DESC;
----------------------------------------
2017-11-09 17:05:24
localhost/?XDEBUG_SESSION_START=11808
GET
SELECT * FROM uee_image WHERE `id` IN (89,87,88);
----------------------------------------
2017-11-09 17:05:24
localhost/?XDEBUG_SESSION_START=11808
GET
SELECT * FROM uee_sliderbox WHERE id=5;
----------------------------------------
2017-11-09 17:05:24
localhost/?XDEBUG_SESSION_START=11808
GET
SELECT * FROM uee_sliderimg WHERE `sid`="5" ORDER BY `listorder` DESC, `id` DESC;
----------------------------------------
2017-11-09 17:05:24
localhost/?XDEBUG_SESSION_START=11808
GET
SELECT * FROM uee_image WHERE `id` IN (75);
----------------------------------------
2017-11-09 17:05:24
localhost/?XDEBUG_SESSION_START=11808
GET
SELECT count(`id`) FROM uee_product WHERE `type`="2" ORDER BY id DESC;
----------------------------------------
2017-11-09 17:05:24
localhost/?XDEBUG_SESSION_START=11808
GET
SELECT * FROM uee_product WHERE `type`="2" ORDER BY id DESC LIMIT 0,10;
----------------------------------------
2017-11-09 17:05:24
localhost/?XDEBUG_SESSION_START=11808
GET
SELECT * FROM uee_image WHERE `id` IN (104,103,102,100);
----------------------------------------
2017-11-09 17:05:41
localhost/js/jquery.scrollshow.js
GET
Error Message: Class 'app\js\controller\jquery' not found(0)<br/>Error File: E:\www\ueepress2\libs\Route.php(115) : eval()'d code : 1<br>

----------------------------------------
2017-11-09 17:05:41
localhost/js/pt_js.js
GET
Error Message: Class 'app\js\controller\pt_js' not found(0)<br/>Error File: E:\www\ueepress2\libs\Route.php(115) : eval()'d code : 1<br>

----------------------------------------
2017-11-09 17:07:23
localhost/?XDEBUG_SESSION_START=11808
GET
SELECT * FROM uee_siteinfo WHERE `key`="sitename";
----------------------------------------
2017-11-09 17:07:23
localhost/?XDEBUG_SESSION_START=11808
GET
SELECT * FROM uee_siteinfo WHERE `key`="sitesubtitle";
----------------------------------------
2017-11-09 17:07:23
localhost/?XDEBUG_SESSION_START=11808
GET
SELECT * FROM uee_siteinfo WHERE `key`="headerwelcome";
----------------------------------------
2017-11-09 17:07:23
localhost/?XDEBUG_SESSION_START=11808
GET
SELECT * FROM uee_siteinfo WHERE `key`="headercontact";
----------------------------------------
2017-11-09 17:07:23
localhost/?XDEBUG_SESSION_START=11808
GET
SELECT * FROM uee_siteinfo WHERE `key`="headermenutitle1";
----------------------------------------
2017-11-09 17:07:23
localhost/?XDEBUG_SESSION_START=11808
GET
SELECT * FROM uee_siteinfo WHERE `key`="headermenulink1";
----------------------------------------
2017-11-09 17:07:23
localhost/?XDEBUG_SESSION_START=11808
GET
SELECT * FROM uee_siteinfo WHERE `key`="headermenutitle2";
----------------------------------------
2017-11-09 17:07:23
localhost/?XDEBUG_SESSION_START=11808
GET
SELECT * FROM uee_siteinfo WHERE `key`="headermenulink2";
----------------------------------------
2017-11-09 17:07:23
localhost/?XDEBUG_SESSION_START=11808
GET
SELECT * FROM uee_siteinfo WHERE `key`="headermenutitle3";
----------------------------------------
2017-11-09 17:07:23
localhost/?XDEBUG_SESSION_START=11808
GET
SELECT * FROM uee_siteinfo WHERE `key`="headermenulink3";
----------------------------------------
2017-11-09 17:07:23
localhost/?XDEBUG_SESSION_START=11808
GET
SELECT * FROM uee_siteinfo WHERE `key`="title";
----------------------------------------
2017-11-09 17:07:23
localhost/?XDEBUG_SESSION_START=11808
GET
SELECT * FROM uee_siteinfo WHERE `key`="description";
----------------------------------------
2017-11-09 17:07:23
localhost/?XDEBUG_SESSION_START=11808
GET
SELECT * FROM uee_siteinfo WHERE `key`="keywords";
----------------------------------------
2017-11-09 17:07:23
localhost/?XDEBUG_SESSION_START=11808
GET
SELECT * FROM uee_siteinfo WHERE `key`="copyright";
----------------------------------------
2017-11-09 17:07:23
localhost/?XDEBUG_SESSION_START=11808
GET
SELECT * FROM uee_siteinfo WHERE `key`="beianhao";
----------------------------------------
2017-11-09 17:07:23
localhost/?XDEBUG_SESSION_START=11808
GET
SELECT * FROM uee_siteinfo WHERE `key`="footertext";
----------------------------------------
2017-11-09 17:07:23
localhost/?XDEBUG_SESSION_START=11808
GET
SELECT * FROM uee_siteinfo WHERE `key`="footercontact";
----------------------------------------
2017-11-09 17:07:23
localhost/?XDEBUG_SESSION_START=11808
GET
SELECT * FROM uee_menusite WHERE id=4;
----------------------------------------
2017-11-09 17:07:23
localhost/?XDEBUG_SESSION_START=11808
GET
SELECT * FROM uee_menucontent WHERE `mid`="4" ORDER BY `listorder` DESC, `id` DESC;
----------------------------------------
2017-11-09 17:07:23
localhost/?XDEBUG_SESSION_START=11808
GET
SELECT * FROM uee_image WHERE `id` IN (0,0,0,0,0,0,0,0,0,0,0,0,0,0,0,0,0);
----------------------------------------
2017-11-09 17:07:23
localhost/?XDEBUG_SESSION_START=11808
GET
SELECT * FROM uee_menusite WHERE id=5;
----------------------------------------
2017-11-09 17:07:23
localhost/?XDEBUG_SESSION_START=11808
GET
SELECT * FROM uee_menucontent WHERE `mid`="5" ORDER BY `listorder` DESC, `id` DESC;
----------------------------------------
2017-11-09 17:07:23
localhost/?XDEBUG_SESSION_START=11808
GET
SELECT * FROM uee_image WHERE `id` IN (62,63,64,65,66,67,68,69);
----------------------------------------
2017-11-09 17:07:23
localhost/?XDEBUG_SESSION_START=11808
GET
SELECT * FROM uee_sliderbox WHERE id=2;
----------------------------------------
2017-11-09 17:07:23
localhost/?XDEBUG_SESSION_START=11808
GET
SELECT * FROM uee_sliderimg WHERE `sid`="2" ORDER BY `listorder` DESC, `id` DESC;
----------------------------------------
2017-11-09 17:07:23
localhost/?XDEBUG_SESSION_START=11808
GET
SELECT * FROM uee_image WHERE `id` IN (83);
----------------------------------------
2017-11-09 17:07:23
localhost/?XDEBUG_SESSION_START=11808
GET
SELECT * FROM uee_sliderbox WHERE id=1;
----------------------------------------
2017-11-09 17:07:23
localhost/?XDEBUG_SESSION_START=11808
GET
SELECT * FROM uee_sliderimg WHERE `sid`="1" ORDER BY `listorder` DESC, `id` DESC;
----------------------------------------
2017-11-09 17:07:23
localhost/?XDEBUG_SESSION_START=11808
GET
SELECT * FROM uee_image WHERE `id` IN (89,87,88);
----------------------------------------
2017-11-09 17:07:23
localhost/?XDEBUG_SESSION_START=11808
GET
SELECT * FROM uee_sliderbox WHERE id=5;
----------------------------------------
2017-11-09 17:07:23
localhost/?XDEBUG_SESSION_START=11808
GET
SELECT * FROM uee_sliderimg WHERE `sid`="5" ORDER BY `listorder` DESC, `id` DESC;
----------------------------------------
2017-11-09 17:07:23
localhost/?XDEBUG_SESSION_START=11808
GET
SELECT * FROM uee_image WHERE `id` IN (75);
----------------------------------------
2017-11-09 17:07:23
localhost/?XDEBUG_SESSION_START=11808
GET
SELECT count(`id`) FROM uee_product WHERE `type`="2" ORDER BY id DESC;
----------------------------------------
2017-11-09 17:07:23
localhost/?XDEBUG_SESSION_START=11808
GET
SELECT * FROM uee_product WHERE `type`="2" ORDER BY id DESC LIMIT 0,10;
----------------------------------------
2017-11-09 17:07:23
localhost/?XDEBUG_SESSION_START=11808
GET
SELECT * FROM uee_image WHERE `id` IN (104,103,102,100);
----------------------------------------
2017-11-09 17:07:27
localhost/js/jquery.scrollshow.js
GET
Error Message: Class 'app\js\controller\jquery' not found(0)<br/>Error File: E:\www\ueepress2\libs\Route.php(115) : eval()'d code : 1<br>

----------------------------------------
2017-11-09 17:07:28
localhost/js/pt_js.js
GET
Error Message: Class 'app\js\controller\pt_js' not found(0)<br/>Error File: E:\www\ueepress2\libs\Route.php(115) : eval()'d code : 1<br>

----------------------------------------
2017-11-09 17:07:30
localhost/?XDEBUG_SESSION_START=11808
GET
SELECT * FROM uee_siteinfo WHERE `key`="sitename";
----------------------------------------
2017-11-09 17:07:30
localhost/?XDEBUG_SESSION_START=11808
GET
SELECT * FROM uee_siteinfo WHERE `key`="sitesubtitle";
----------------------------------------
2017-11-09 17:07:30
localhost/?XDEBUG_SESSION_START=11808
GET
SELECT * FROM uee_siteinfo WHERE `key`="headerwelcome";
----------------------------------------
2017-11-09 17:07:30
localhost/?XDEBUG_SESSION_START=11808
GET
SELECT * FROM uee_siteinfo WHERE `key`="headercontact";
----------------------------------------
2017-11-09 17:07:30
localhost/?XDEBUG_SESSION_START=11808
GET
SELECT * FROM uee_siteinfo WHERE `key`="headermenutitle1";
----------------------------------------
2017-11-09 17:07:30
localhost/?XDEBUG_SESSION_START=11808
GET
SELECT * FROM uee_siteinfo WHERE `key`="headermenulink1";
----------------------------------------
2017-11-09 17:07:30
localhost/?XDEBUG_SESSION_START=11808
GET
SELECT * FROM uee_siteinfo WHERE `key`="headermenutitle2";
----------------------------------------
2017-11-09 17:07:30
localhost/?XDEBUG_SESSION_START=11808
GET
SELECT * FROM uee_siteinfo WHERE `key`="headermenulink2";
----------------------------------------
2017-11-09 17:07:30
localhost/?XDEBUG_SESSION_START=11808
GET
SELECT * FROM uee_siteinfo WHERE `key`="headermenutitle3";
----------------------------------------
2017-11-09 17:07:30
localhost/?XDEBUG_SESSION_START=11808
GET
SELECT * FROM uee_siteinfo WHERE `key`="headermenulink3";
----------------------------------------
2017-11-09 17:07:30
localhost/?XDEBUG_SESSION_START=11808
GET
SELECT * FROM uee_siteinfo WHERE `key`="title";
----------------------------------------
2017-11-09 17:07:30
localhost/?XDEBUG_SESSION_START=11808
GET
SELECT * FROM uee_siteinfo WHERE `key`="description";
----------------------------------------
2017-11-09 17:07:30
localhost/?XDEBUG_SESSION_START=11808
GET
SELECT * FROM uee_siteinfo WHERE `key`="keywords";
----------------------------------------
2017-11-09 17:07:30
localhost/?XDEBUG_SESSION_START=11808
GET
SELECT * FROM uee_siteinfo WHERE `key`="copyright";
----------------------------------------
2017-11-09 17:07:30
localhost/?XDEBUG_SESSION_START=11808
GET
SELECT * FROM uee_siteinfo WHERE `key`="beianhao";
----------------------------------------
2017-11-09 17:07:30
localhost/?XDEBUG_SESSION_START=11808
GET
SELECT * FROM uee_siteinfo WHERE `key`="footertext";
----------------------------------------
2017-11-09 17:07:30
localhost/?XDEBUG_SESSION_START=11808
GET
SELECT * FROM uee_siteinfo WHERE `key`="footercontact";
----------------------------------------
2017-11-09 17:07:30
localhost/?XDEBUG_SESSION_START=11808
GET
SELECT * FROM uee_menusite WHERE id=4;
----------------------------------------
2017-11-09 17:07:30
localhost/?XDEBUG_SESSION_START=11808
GET
SELECT * FROM uee_menucontent WHERE `mid`="4" ORDER BY `listorder` DESC, `id` DESC;
----------------------------------------
2017-11-09 17:07:30
localhost/?XDEBUG_SESSION_START=11808
GET
SELECT * FROM uee_image WHERE `id` IN (0,0,0,0,0,0,0,0,0,0,0,0,0,0,0,0,0);
----------------------------------------
2017-11-09 17:07:30
localhost/?XDEBUG_SESSION_START=11808
GET
SELECT * FROM uee_menusite WHERE id=5;
----------------------------------------
2017-11-09 17:07:30
localhost/?XDEBUG_SESSION_START=11808
GET
SELECT * FROM uee_menucontent WHERE `mid`="5" ORDER BY `listorder` DESC, `id` DESC;
----------------------------------------
2017-11-09 17:07:30
localhost/?XDEBUG_SESSION_START=11808
GET
SELECT * FROM uee_image WHERE `id` IN (62,63,64,65,66,67,68,69);
----------------------------------------
2017-11-09 17:07:30
localhost/?XDEBUG_SESSION_START=11808
GET
SELECT * FROM uee_sliderbox WHERE id=2;
----------------------------------------
2017-11-09 17:07:30
localhost/?XDEBUG_SESSION_START=11808
GET
SELECT * FROM uee_sliderimg WHERE `sid`="2" ORDER BY `listorder` DESC, `id` DESC;
----------------------------------------
2017-11-09 17:07:30
localhost/?XDEBUG_SESSION_START=11808
GET
SELECT * FROM uee_image WHERE `id` IN (83);
----------------------------------------
2017-11-09 17:07:30
localhost/?XDEBUG_SESSION_START=11808
GET
SELECT * FROM uee_sliderbox WHERE id=1;
----------------------------------------
2017-11-09 17:07:30
localhost/?XDEBUG_SESSION_START=11808
GET
SELECT * FROM uee_sliderimg WHERE `sid`="1" ORDER BY `listorder` DESC, `id` DESC;
----------------------------------------
2017-11-09 17:07:30
localhost/?XDEBUG_SESSION_START=11808
GET
SELECT * FROM uee_image WHERE `id` IN (89,87,88);
----------------------------------------
2017-11-09 17:07:30
localhost/?XDEBUG_SESSION_START=11808
GET
SELECT * FROM uee_sliderbox WHERE id=5;
----------------------------------------
2017-11-09 17:07:30
localhost/?XDEBUG_SESSION_START=11808
GET
SELECT * FROM uee_sliderimg WHERE `sid`="5" ORDER BY `listorder` DESC, `id` DESC;
----------------------------------------
2017-11-09 17:07:30
localhost/?XDEBUG_SESSION_START=11808
GET
SELECT * FROM uee_image WHERE `id` IN (75);
----------------------------------------
2017-11-09 17:07:30
localhost/?XDEBUG_SESSION_START=11808
GET
SELECT count(`id`) FROM uee_product WHERE `type`="2" ORDER BY id DESC;
----------------------------------------
2017-11-09 17:07:30
localhost/?XDEBUG_SESSION_START=11808
GET
SELECT * FROM uee_product WHERE `type`="2" ORDER BY id DESC LIMIT 0,10;
----------------------------------------
2017-11-09 17:07:30
localhost/?XDEBUG_SESSION_START=11808
GET
SELECT * FROM uee_image WHERE `id` IN (104,103,102,100);
----------------------------------------
2017-11-09 17:07:31
localhost/js/pt_js.js
GET
Error Message: Class 'app\js\controller\pt_js' not found(0)<br/>Error File: E:\www\ueepress2\libs\Route.php(115) : eval()'d code : 1<br>

----------------------------------------
2017-11-09 17:07:31
localhost/js/jquery.scrollshow.js
GET
Error Message: Class 'app\js\controller\jquery' not found(0)<br/>Error File: E:\www\ueepress2\libs\Route.php(115) : eval()'d code : 1<br>

----------------------------------------
2017-11-09 17:07:31
localhost/js/pt_js.js
GET
Error Message: Class 'app\js\controller\pt_js' not found(0)<br/>Error File: E:\www\ueepress2\libs\Route.php(115) : eval()'d code : 1<br>

----------------------------------------
2017-11-09 17:08:12
localhost/?XDEBUG_SESSION_START=11808
GET
SELECT * FROM uee_siteinfo WHERE `key`="sitename";
----------------------------------------
2017-11-09 17:08:12
localhost/?XDEBUG_SESSION_START=11808
GET
SELECT * FROM uee_siteinfo WHERE `key`="sitesubtitle";
----------------------------------------
2017-11-09 17:08:12
localhost/?XDEBUG_SESSION_START=11808
GET
SELECT * FROM uee_siteinfo WHERE `key`="headerwelcome";
----------------------------------------
2017-11-09 17:08:12
localhost/?XDEBUG_SESSION_START=11808
GET
SELECT * FROM uee_siteinfo WHERE `key`="headercontact";
----------------------------------------
2017-11-09 17:08:12
localhost/?XDEBUG_SESSION_START=11808
GET
SELECT * FROM uee_siteinfo WHERE `key`="headermenutitle1";
----------------------------------------
2017-11-09 17:08:12
localhost/?XDEBUG_SESSION_START=11808
GET
SELECT * FROM uee_siteinfo WHERE `key`="headermenulink1";
----------------------------------------
2017-11-09 17:08:12
localhost/?XDEBUG_SESSION_START=11808
GET
SELECT * FROM uee_siteinfo WHERE `key`="headermenutitle2";
----------------------------------------
2017-11-09 17:08:12
localhost/?XDEBUG_SESSION_START=11808
GET
SELECT * FROM uee_siteinfo WHERE `key`="headermenulink2";
----------------------------------------
2017-11-09 17:08:12
localhost/?XDEBUG_SESSION_START=11808
GET
SELECT * FROM uee_siteinfo WHERE `key`="headermenutitle3";
----------------------------------------
2017-11-09 17:08:12
localhost/?XDEBUG_SESSION_START=11808
GET
SELECT * FROM uee_siteinfo WHERE `key`="headermenulink3";
----------------------------------------
2017-11-09 17:08:12
localhost/?XDEBUG_SESSION_START=11808
GET
SELECT * FROM uee_siteinfo WHERE `key`="title";
----------------------------------------
2017-11-09 17:08:12
localhost/?XDEBUG_SESSION_START=11808
GET
SELECT * FROM uee_siteinfo WHERE `key`="description";
----------------------------------------
2017-11-09 17:08:12
localhost/?XDEBUG_SESSION_START=11808
GET
SELECT * FROM uee_siteinfo WHERE `key`="keywords";
----------------------------------------
2017-11-09 17:08:12
localhost/?XDEBUG_SESSION_START=11808
GET
SELECT * FROM uee_siteinfo WHERE `key`="copyright";
----------------------------------------
2017-11-09 17:08:12
localhost/?XDEBUG_SESSION_START=11808
GET
SELECT * FROM uee_siteinfo WHERE `key`="beianhao";
----------------------------------------
2017-11-09 17:08:12
localhost/?XDEBUG_SESSION_START=11808
GET
SELECT * FROM uee_siteinfo WHERE `key`="footertext";
----------------------------------------
2017-11-09 17:08:12
localhost/?XDEBUG_SESSION_START=11808
GET
SELECT * FROM uee_siteinfo WHERE `key`="footercontact";
----------------------------------------
2017-11-09 17:08:12
localhost/?XDEBUG_SESSION_START=11808
GET
SELECT * FROM uee_menusite WHERE id=4;
----------------------------------------
2017-11-09 17:08:12
localhost/?XDEBUG_SESSION_START=11808
GET
SELECT * FROM uee_menucontent WHERE `mid`="4" ORDER BY `listorder` DESC, `id` DESC;
----------------------------------------
2017-11-09 17:08:12
localhost/?XDEBUG_SESSION_START=11808
GET
SELECT * FROM uee_image WHERE `id` IN (0,0,0,0,0,0,0,0,0,0,0,0,0,0,0,0,0);
----------------------------------------
2017-11-09 17:08:12
localhost/?XDEBUG_SESSION_START=11808
GET
SELECT * FROM uee_menusite WHERE id=5;
----------------------------------------
2017-11-09 17:08:12
localhost/?XDEBUG_SESSION_START=11808
GET
SELECT * FROM uee_menucontent WHERE `mid`="5" ORDER BY `listorder` DESC, `id` DESC;
----------------------------------------
2017-11-09 17:08:12
localhost/?XDEBUG_SESSION_START=11808
GET
SELECT * FROM uee_image WHERE `id` IN (62,63,64,65,66,67,68,69);
----------------------------------------
2017-11-09 17:08:12
localhost/?XDEBUG_SESSION_START=11808
GET
SELECT * FROM uee_sliderbox WHERE id=2;
----------------------------------------
2017-11-09 17:08:12
localhost/?XDEBUG_SESSION_START=11808
GET
SELECT * FROM uee_sliderimg WHERE `sid`="2" ORDER BY `listorder` DESC, `id` DESC;
----------------------------------------
2017-11-09 17:08:12
localhost/?XDEBUG_SESSION_START=11808
GET
SELECT * FROM uee_image WHERE `id` IN (83);
----------------------------------------
2017-11-09 17:08:12
localhost/?XDEBUG_SESSION_START=11808
GET
SELECT * FROM uee_sliderbox WHERE id=1;
----------------------------------------
2017-11-09 17:08:12
localhost/?XDEBUG_SESSION_START=11808
GET
SELECT * FROM uee_sliderimg WHERE `sid`="1" ORDER BY `listorder` DESC, `id` DESC;
----------------------------------------
2017-11-09 17:08:12
localhost/?XDEBUG_SESSION_START=11808
GET
SELECT * FROM uee_image WHERE `id` IN (89,87,88);
----------------------------------------
2017-11-09 17:08:12
localhost/?XDEBUG_SESSION_START=11808
GET
SELECT * FROM uee_sliderbox WHERE id=5;
----------------------------------------
2017-11-09 17:08:12
localhost/?XDEBUG_SESSION_START=11808
GET
SELECT * FROM uee_sliderimg WHERE `sid`="5" ORDER BY `listorder` DESC, `id` DESC;
----------------------------------------
2017-11-09 17:08:12
localhost/?XDEBUG_SESSION_START=11808
GET
SELECT * FROM uee_image WHERE `id` IN (75);
----------------------------------------
2017-11-09 17:08:12
localhost/?XDEBUG_SESSION_START=11808
GET
SELECT count(`id`) FROM uee_product WHERE `type`="2" ORDER BY id DESC;
----------------------------------------
2017-11-09 17:08:12
localhost/?XDEBUG_SESSION_START=11808
GET
SELECT * FROM uee_product WHERE `type`="2" ORDER BY id DESC LIMIT 0,10;
----------------------------------------
2017-11-09 17:08:12
localhost/?XDEBUG_SESSION_START=11808
GET
SELECT * FROM uee_image WHERE `id` IN (104,103,102,100);
----------------------------------------
2017-11-09 17:08:13
localhost/js/jquery.scrollshow.js
GET
Error Message: Class 'app\js\controller\jquery' not found(0)<br/>Error File: E:\www\ueepress2\libs\Route.php(115) : eval()'d code : 1<br>

----------------------------------------
2017-11-09 17:08:13
localhost/js/pt_js.js
GET
Error Message: Class 'app\js\controller\pt_js' not found(0)<br/>Error File: E:\www\ueepress2\libs\Route.php(115) : eval()'d code : 1<br>

----------------------------------------
2017-11-09 17:08:51
localhost/?XDEBUG_SESSION_START=11808
GET
SELECT * FROM uee_siteinfo WHERE `key`="sitename";
----------------------------------------
2017-11-09 17:08:51
localhost/?XDEBUG_SESSION_START=11808
GET
SELECT * FROM uee_siteinfo WHERE `key`="sitesubtitle";
----------------------------------------
2017-11-09 17:08:51
localhost/?XDEBUG_SESSION_START=11808
GET
SELECT * FROM uee_siteinfo WHERE `key`="headerwelcome";
----------------------------------------
2017-11-09 17:08:51
localhost/?XDEBUG_SESSION_START=11808
GET
SELECT * FROM uee_siteinfo WHERE `key`="headercontact";
----------------------------------------
2017-11-09 17:08:51
localhost/?XDEBUG_SESSION_START=11808
GET
SELECT * FROM uee_siteinfo WHERE `key`="headermenutitle1";
----------------------------------------
2017-11-09 17:08:51
localhost/?XDEBUG_SESSION_START=11808
GET
SELECT * FROM uee_siteinfo WHERE `key`="headermenulink1";
----------------------------------------
2017-11-09 17:08:51
localhost/?XDEBUG_SESSION_START=11808
GET
SELECT * FROM uee_siteinfo WHERE `key`="headermenutitle2";
----------------------------------------
2017-11-09 17:08:51
localhost/?XDEBUG_SESSION_START=11808
GET
SELECT * FROM uee_siteinfo WHERE `key`="headermenulink2";
----------------------------------------
2017-11-09 17:08:51
localhost/?XDEBUG_SESSION_START=11808
GET
SELECT * FROM uee_siteinfo WHERE `key`="headermenutitle3";
----------------------------------------
2017-11-09 17:08:51
localhost/?XDEBUG_SESSION_START=11808
GET
SELECT * FROM uee_siteinfo WHERE `key`="headermenulink3";
----------------------------------------
2017-11-09 17:08:51
localhost/?XDEBUG_SESSION_START=11808
GET
SELECT * FROM uee_siteinfo WHERE `key`="title";
----------------------------------------
2017-11-09 17:08:51
localhost/?XDEBUG_SESSION_START=11808
GET
SELECT * FROM uee_siteinfo WHERE `key`="description";
----------------------------------------
2017-11-09 17:08:51
localhost/?XDEBUG_SESSION_START=11808
GET
SELECT * FROM uee_siteinfo WHERE `key`="keywords";
----------------------------------------
2017-11-09 17:08:51
localhost/?XDEBUG_SESSION_START=11808
GET
SELECT * FROM uee_siteinfo WHERE `key`="copyright";
----------------------------------------
2017-11-09 17:08:51
localhost/?XDEBUG_SESSION_START=11808
GET
SELECT * FROM uee_siteinfo WHERE `key`="beianhao";
----------------------------------------
2017-11-09 17:08:51
localhost/?XDEBUG_SESSION_START=11808
GET
SELECT * FROM uee_siteinfo WHERE `key`="footertext";
----------------------------------------
2017-11-09 17:08:51
localhost/?XDEBUG_SESSION_START=11808
GET
SELECT * FROM uee_siteinfo WHERE `key`="footercontact";
----------------------------------------
2017-11-09 17:08:51
localhost/?XDEBUG_SESSION_START=11808
GET
SELECT * FROM uee_menusite WHERE id=4;
----------------------------------------
2017-11-09 17:08:51
localhost/?XDEBUG_SESSION_START=11808
GET
SELECT * FROM uee_menucontent WHERE `mid`="4" ORDER BY `listorder` DESC, `id` DESC;
----------------------------------------
2017-11-09 17:08:51
localhost/?XDEBUG_SESSION_START=11808
GET
SELECT * FROM uee_image WHERE `id` IN (0,0,0,0,0,0,0,0,0,0,0,0,0,0,0,0,0);
----------------------------------------
2017-11-09 17:08:51
localhost/?XDEBUG_SESSION_START=11808
GET
SELECT * FROM uee_menusite WHERE id=5;
----------------------------------------
2017-11-09 17:08:51
localhost/?XDEBUG_SESSION_START=11808
GET
SELECT * FROM uee_menucontent WHERE `mid`="5" ORDER BY `listorder` DESC, `id` DESC;
----------------------------------------
2017-11-09 17:08:51
localhost/?XDEBUG_SESSION_START=11808
GET
SELECT * FROM uee_image WHERE `id` IN (62,63,64,65,66,67,68,69);
----------------------------------------
2017-11-09 17:08:51
localhost/?XDEBUG_SESSION_START=11808
GET
SELECT * FROM uee_sliderbox WHERE id=2;
----------------------------------------
2017-11-09 17:08:51
localhost/?XDEBUG_SESSION_START=11808
GET
SELECT * FROM uee_sliderimg WHERE `sid`="2" ORDER BY `listorder` DESC, `id` DESC;
----------------------------------------
2017-11-09 17:08:51
localhost/?XDEBUG_SESSION_START=11808
GET
SELECT * FROM uee_image WHERE `id` IN (83);
----------------------------------------
2017-11-09 17:08:51
localhost/?XDEBUG_SESSION_START=11808
GET
SELECT * FROM uee_sliderbox WHERE id=1;
----------------------------------------
2017-11-09 17:08:51
localhost/?XDEBUG_SESSION_START=11808
GET
SELECT * FROM uee_sliderimg WHERE `sid`="1" ORDER BY `listorder` DESC, `id` DESC;
----------------------------------------
2017-11-09 17:08:51
localhost/?XDEBUG_SESSION_START=11808
GET
SELECT * FROM uee_image WHERE `id` IN (89,87,88);
----------------------------------------
2017-11-09 17:08:51
localhost/?XDEBUG_SESSION_START=11808
GET
SELECT * FROM uee_sliderbox WHERE id=5;
----------------------------------------
2017-11-09 17:08:51
localhost/?XDEBUG_SESSION_START=11808
GET
SELECT * FROM uee_sliderimg WHERE `sid`="5" ORDER BY `listorder` DESC, `id` DESC;
----------------------------------------
2017-11-09 17:08:51
localhost/?XDEBUG_SESSION_START=11808
GET
SELECT * FROM uee_image WHERE `id` IN (75);
----------------------------------------
2017-11-09 17:08:51
localhost/?XDEBUG_SESSION_START=11808
GET
SELECT count(`id`) FROM uee_product WHERE `type`="2" ORDER BY id DESC;
----------------------------------------
2017-11-09 17:08:51
localhost/?XDEBUG_SESSION_START=11808
GET
SELECT * FROM uee_product WHERE `type`="2" ORDER BY id DESC LIMIT 0,10;
----------------------------------------
2017-11-09 17:08:51
localhost/?XDEBUG_SESSION_START=11808
GET
SELECT * FROM uee_image WHERE `id` IN (104,103,102,100);
----------------------------------------
2017-11-09 17:08:52
localhost/?XDEBUG_SESSION_START=11808
GET
Error Message: Syntax error in template "file:E:\www\ueepress2\app\index\view\pc\index.html"  on line 64 "<p>{{header.headercontact}}</p>"  - Unexpected ".", expected one of: "}}"(0)<br/>Error File: E:\www\ueepress2\libs\template\smarty\sysplugins\smarty_internal_templatecompilerbase.php : 64<br>

----------------------------------------
2017-11-09 17:09:15
localhost/?XDEBUG_SESSION_START=11808
GET
SELECT * FROM uee_siteinfo WHERE `key`="sitename";
----------------------------------------
2017-11-09 17:09:15
localhost/?XDEBUG_SESSION_START=11808
GET
SELECT * FROM uee_siteinfo WHERE `key`="sitesubtitle";
----------------------------------------
2017-11-09 17:09:15
localhost/?XDEBUG_SESSION_START=11808
GET
SELECT * FROM uee_siteinfo WHERE `key`="headerwelcome";
----------------------------------------
2017-11-09 17:09:15
localhost/?XDEBUG_SESSION_START=11808
GET
SELECT * FROM uee_siteinfo WHERE `key`="headercontact";
----------------------------------------
2017-11-09 17:09:15
localhost/?XDEBUG_SESSION_START=11808
GET
SELECT * FROM uee_siteinfo WHERE `key`="headermenutitle1";
----------------------------------------
2017-11-09 17:09:15
localhost/?XDEBUG_SESSION_START=11808
GET
SELECT * FROM uee_siteinfo WHERE `key`="headermenulink1";
----------------------------------------
2017-11-09 17:09:15
localhost/?XDEBUG_SESSION_START=11808
GET
SELECT * FROM uee_siteinfo WHERE `key`="headermenutitle2";
----------------------------------------
2017-11-09 17:09:15
localhost/?XDEBUG_SESSION_START=11808
GET
SELECT * FROM uee_siteinfo WHERE `key`="headermenulink2";
----------------------------------------
2017-11-09 17:09:15
localhost/?XDEBUG_SESSION_START=11808
GET
SELECT * FROM uee_siteinfo WHERE `key`="headermenutitle3";
----------------------------------------
2017-11-09 17:09:15
localhost/?XDEBUG_SESSION_START=11808
GET
SELECT * FROM uee_siteinfo WHERE `key`="headermenulink3";
----------------------------------------
2017-11-09 17:09:15
localhost/?XDEBUG_SESSION_START=11808
GET
SELECT * FROM uee_siteinfo WHERE `key`="title";
----------------------------------------
2017-11-09 17:09:15
localhost/?XDEBUG_SESSION_START=11808
GET
SELECT * FROM uee_siteinfo WHERE `key`="description";
----------------------------------------
2017-11-09 17:09:15
localhost/?XDEBUG_SESSION_START=11808
GET
SELECT * FROM uee_siteinfo WHERE `key`="keywords";
----------------------------------------
2017-11-09 17:09:15
localhost/?XDEBUG_SESSION_START=11808
GET
SELECT * FROM uee_siteinfo WHERE `key`="copyright";
----------------------------------------
2017-11-09 17:09:15
localhost/?XDEBUG_SESSION_START=11808
GET
SELECT * FROM uee_siteinfo WHERE `key`="beianhao";
----------------------------------------
2017-11-09 17:09:15
localhost/?XDEBUG_SESSION_START=11808
GET
SELECT * FROM uee_siteinfo WHERE `key`="footertext";
----------------------------------------
2017-11-09 17:09:15
localhost/?XDEBUG_SESSION_START=11808
GET
SELECT * FROM uee_siteinfo WHERE `key`="footercontact";
----------------------------------------
2017-11-09 17:09:15
localhost/?XDEBUG_SESSION_START=11808
GET
SELECT * FROM uee_menusite WHERE id=4;
----------------------------------------
2017-11-09 17:09:15
localhost/?XDEBUG_SESSION_START=11808
GET
SELECT * FROM uee_menucontent WHERE `mid`="4" ORDER BY `listorder` DESC, `id` DESC;
----------------------------------------
2017-11-09 17:09:15
localhost/?XDEBUG_SESSION_START=11808
GET
SELECT * FROM uee_image WHERE `id` IN (0,0,0,0,0,0,0,0,0,0,0,0,0,0,0,0,0);
----------------------------------------
2017-11-09 17:09:15
localhost/?XDEBUG_SESSION_START=11808
GET
SELECT * FROM uee_menusite WHERE id=5;
----------------------------------------
2017-11-09 17:09:15
localhost/?XDEBUG_SESSION_START=11808
GET
SELECT * FROM uee_menucontent WHERE `mid`="5" ORDER BY `listorder` DESC, `id` DESC;
----------------------------------------
2017-11-09 17:09:15
localhost/?XDEBUG_SESSION_START=11808
GET
SELECT * FROM uee_image WHERE `id` IN (62,63,64,65,66,67,68,69);
----------------------------------------
2017-11-09 17:09:15
localhost/?XDEBUG_SESSION_START=11808
GET
SELECT * FROM uee_sliderbox WHERE id=2;
----------------------------------------
2017-11-09 17:09:15
localhost/?XDEBUG_SESSION_START=11808
GET
SELECT * FROM uee_sliderimg WHERE `sid`="2" ORDER BY `listorder` DESC, `id` DESC;
----------------------------------------
2017-11-09 17:09:15
localhost/?XDEBUG_SESSION_START=11808
GET
SELECT * FROM uee_image WHERE `id` IN (83);
----------------------------------------
2017-11-09 17:09:15
localhost/?XDEBUG_SESSION_START=11808
GET
SELECT * FROM uee_sliderbox WHERE id=1;
----------------------------------------
2017-11-09 17:09:15
localhost/?XDEBUG_SESSION_START=11808
GET
SELECT * FROM uee_sliderimg WHERE `sid`="1" ORDER BY `listorder` DESC, `id` DESC;
----------------------------------------
2017-11-09 17:09:15
localhost/?XDEBUG_SESSION_START=11808
GET
SELECT * FROM uee_image WHERE `id` IN (89,87,88);
----------------------------------------
2017-11-09 17:09:15
localhost/?XDEBUG_SESSION_START=11808
GET
SELECT * FROM uee_sliderbox WHERE id=5;
----------------------------------------
2017-11-09 17:09:15
localhost/?XDEBUG_SESSION_START=11808
GET
SELECT * FROM uee_sliderimg WHERE `sid`="5" ORDER BY `listorder` DESC, `id` DESC;
----------------------------------------
2017-11-09 17:09:15
localhost/?XDEBUG_SESSION_START=11808
GET
SELECT * FROM uee_image WHERE `id` IN (75);
----------------------------------------
2017-11-09 17:09:15
localhost/?XDEBUG_SESSION_START=11808
GET
SELECT count(`id`) FROM uee_product WHERE `type`="2" ORDER BY id DESC;
----------------------------------------
2017-11-09 17:09:15
localhost/?XDEBUG_SESSION_START=11808
GET
SELECT * FROM uee_product WHERE `type`="2" ORDER BY id DESC LIMIT 0,10;
----------------------------------------
2017-11-09 17:09:15
localhost/?XDEBUG_SESSION_START=11808
GET
SELECT * FROM uee_image WHERE `id` IN (104,103,102,100);
----------------------------------------
2017-11-09 17:09:16
localhost/js/jquery.scrollshow.js
GET
Error Message: Class 'app\js\controller\jquery' not found(0)<br/>Error File: E:\www\ueepress2\libs\Route.php(115) : eval()'d code : 1<br>

----------------------------------------
2017-11-09 17:09:16
localhost/js/pt_js.js
GET
Error Message: Class 'app\js\controller\pt_js' not found(0)<br/>Error File: E:\www\ueepress2\libs\Route.php(115) : eval()'d code : 1<br>

----------------------------------------
2017-11-09 17:14:51
localhost/admin/siteinfo/index
GET
SELECT * FROM uee_siteinfo;
----------------------------------------
2017-11-09 17:14:52
localhost/admin/siteinfo/index
GET
Error Message: Undefined index: indexmodule1_title(0)<br/>Error File: E:\www\ueepress2\runtime\tempate_c\7ead43f45f25ffb72f7733391d6f7f4d742294a1_0.file.system-base.html.php : 185<br>

----------------------------------------
2017-11-09 17:14:52
localhost/admin/siteinfo/index
GET
Error Message: Undefined index: indexmodule1_subtitle(0)<br/>Error File: E:\www\ueepress2\runtime\tempate_c\7ead43f45f25ffb72f7733391d6f7f4d742294a1_0.file.system-base.html.php : 192<br>

----------------------------------------
2017-11-09 17:14:52
localhost/admin/siteinfo/index
GET
Error Message: Undefined index: indexmodule1_content(0)<br/>Error File: E:\www\ueepress2\runtime\tempate_c\7ead43f45f25ffb72f7733391d6f7f4d742294a1_0.file.system-base.html.php : 199<br>

----------------------------------------
2017-11-09 17:15:50
localhost/admin/siteinfo/index
GET
SELECT * FROM uee_siteinfo;
----------------------------------------
2017-11-09 17:18:41
localhost/admin/siteinfo/index
GET
SELECT * FROM uee_siteinfo;
----------------------------------------
2017-11-09 17:19:20
localhost/api/siteinfo/update
POST
UPDATE uee_siteinfo SET `value`="MES制造执行系统解决方案专业供应商",`update_time`="1510219160" WHERE `key`="sitename"
----------------------------------------
2017-11-09 17:19:20
localhost/api/siteinfo/update
POST
UPDATE uee_siteinfo SET `value`="本公司主要经营：MES制造执行系统，安灯呼叫系统。",`update_time`="1510219160" WHERE `key`="sitesubtitle"
----------------------------------------
2017-11-09 17:19:20
localhost/api/siteinfo/update
POST
UPDATE uee_siteinfo SET `value`="MES制造执行系统-苏州MES上海MES -- 普中智能MES制造执行系统",`update_time`="1510219160" WHERE `key`="title"
----------------------------------------
2017-11-09 17:19:20
localhost/api/siteinfo/update
POST
UPDATE uee_siteinfo SET `value`="MES,MES系统,MES制造执行系统",`update_time`="1510219160" WHERE `key`="keywords"
----------------------------------------
2017-11-09 17:19:20
localhost/api/siteinfo/update
POST
UPDATE uee_siteinfo SET `value`="普中MES系统供应商，提供MES一站式解决方案，包含MES系统软件、MES管理咨询、MES数据采集器。MES系统实现从客户下单到产品出货全流程数字化过程管控。",`update_time`="1510219160" WHERE `key`="description"
----------------------------------------
2017-11-09 17:19:20
localhost/api/siteinfo/update
POST
UPDATE uee_siteinfo SET `value`="© 2017 版权所有 普中智能科技",`update_time`="1510219160" WHERE `key`="copyright"
----------------------------------------
2017-11-09 17:19:20
localhost/api/siteinfo/update
POST
UPDATE uee_siteinfo SET `value`="苏ICP备10098151号",`update_time`="1510219160" WHERE `key`="beianhao"
----------------------------------------
2017-11-09 17:19:20
localhost/api/siteinfo/update
POST
UPDATE uee_siteinfo SET `value`="地址：苏州工业园区通园路199号联发工业园17栋4楼",`update_time`="1510219160" WHERE `key`="footertext"
----------------------------------------
2017-11-09 17:19:20
localhost/api/siteinfo/update
POST
UPDATE uee_siteinfo SET `value`="欢迎光临普中智能科技MES制造执行系统官网",`update_time`="1510219160" WHERE `key`="headerwelcome"
----------------------------------------
2017-11-09 17:19:20
localhost/api/siteinfo/update
POST
UPDATE uee_siteinfo SET `value`="400-086-9986",`update_time`="1510219160" WHERE `key`="headercontact"
----------------------------------------
2017-11-09 17:19:20
localhost/api/siteinfo/update
POST
UPDATE uee_siteinfo SET `value`="联系电话：13606200485<br/>邮箱： 2880978988@qq.com",`update_time`="1510219160" WHERE `key`="footercontact"
----------------------------------------
2017-11-09 17:19:20
localhost/api/siteinfo/update
POST
UPDATE uee_siteinfo SET `value`="联系我们",`update_time`="1510219160" WHERE `key`="headermenutitle1"
----------------------------------------
2017-11-09 17:19:20
localhost/api/siteinfo/update
POST
UPDATE uee_siteinfo SET `value`="#",`update_time`="1510219160" WHERE `key`="headermenulink1"
----------------------------------------
2017-11-09 17:19:20
localhost/api/siteinfo/update
POST
UPDATE uee_siteinfo SET `value`="在线留言",`update_time`="1510219160" WHERE `key`="headermenutitle2"
----------------------------------------
2017-11-09 17:19:20
localhost/api/siteinfo/update
POST
UPDATE uee_siteinfo SET `value`="#",`update_time`="1510219160" WHERE `key`="headermenulink2"
----------------------------------------
2017-11-09 17:19:20
localhost/api/siteinfo/update
POST
UPDATE uee_siteinfo SET `value`="网站地图",`update_time`="1510219160" WHERE `key`="headermenutitle3"
----------------------------------------
2017-11-09 17:19:20
localhost/api/siteinfo/update
POST
UPDATE uee_siteinfo SET `value`="#",`update_time`="1510219160" WHERE `key`="headermenulink3"
----------------------------------------
2017-11-09 17:19:20
localhost/api/siteinfo/update
POST
UPDATE uee_siteinfo SET `value`="普中MES系统供应商，提供MES一站式解决方案，包含MES系统软件、MES管理咨询、MES数据采集器。MES系统实现从客户下单到产品出货全流程数字化过程管控。",`update_time`="1510219160" WHERE `key`="statistics"
----------------------------------------
2017-11-09 17:19:20
localhost/api/siteinfo/update
POST
UPDATE uee_siteinfo SET `value`="普中服务",`update_time`="1510219160" WHERE `key`="indexmodule1_title"
----------------------------------------
2017-11-09 17:19:20
localhost/api/siteinfo/update
POST
UPDATE uee_siteinfo SET `value`="PUZHONG SERVICE",`update_time`="1510219160" WHERE `key`="indexmodule1_subtitle"
----------------------------------------
2017-11-09 17:19:20
localhost/api/siteinfo/update
POST
UPDATE uee_siteinfo SET `value`="公司在全国建立了最为健全的营销服务体系：
10个服务部、30个服务片区、65个服务网点。为客户提供完善的售前、售中、售后支持，让您买的放心、用的称心。
售前服务：
由销售顾问、技术工程师、销售经理等各级别的专业人员提供主动、快速、全面和细致的服务，包括产品选型、方案咨询、专业流体输送方案定制、个性化配套方案定制、工程方案定制等。",`update_time`="1510219160" WHERE `key`="indexmodule1_content"
----------------------------------------
2017-11-09 17:19:20
localhost/api/siteinfo/update
POST
UPDATE uee_siteinfo SET `value`="",`update_time`="1510219160" WHERE `key`="iplist"
----------------------------------------
2017-11-09 17:19:20
localhost/api/siteinfo/update
POST
UPDATE uee_siteinfo SET `value`="10",`update_time`="1510219160" WHERE `key`="maxfailtimes"
----------------------------------------
2017-11-09 17:19:20
localhost/api/siteinfo/update
POST
UPDATE uee_siteinfo SET `value`="smpt",`update_time`="1510219160" WHERE `key`="emailmode"
----------------------------------------
2017-11-09 17:19:20
localhost/api/siteinfo/update
POST
UPDATE uee_siteinfo SET `value`="smtp.163.com",`update_time`="1510219160" WHERE `key`="smtpserver"
----------------------------------------
2017-11-09 17:19:20
localhost/api/siteinfo/update
POST
UPDATE uee_siteinfo SET `value`="22",`update_time`="1510219160" WHERE `key`="smtpport"
----------------------------------------
2017-11-09 17:19:20
localhost/api/siteinfo/update
POST
UPDATE uee_siteinfo SET `value`="seanforty@qq.com",`update_time`="1510219160" WHERE `key`="emailusr"
----------------------------------------
2017-11-09 17:19:20
localhost/api/siteinfo/update
POST
UPDATE uee_siteinfo SET `value`="1111111111",`update_time`="1510219160" WHERE `key`="emailpwd"
----------------------------------------
2017-11-09 17:19:20
localhost/api/siteinfo/update
POST
UPDATE uee_siteinfo SET `value`="seanforty@qq.com",`update_time`="1510219160" WHERE `key`="emailrev"
----------------------------------------
2017-11-09 17:28:58
localhost/admin/siteinfo/index
GET
SELECT * FROM uee_siteinfo;
----------------------------------------
2017-11-09 17:29:53
localhost/?XDEBUG_SESSION_START=11808
GET
SELECT * FROM uee_siteinfo WHERE `key`="sitename";
----------------------------------------
2017-11-09 17:29:53
localhost/?XDEBUG_SESSION_START=11808
GET
SELECT * FROM uee_siteinfo WHERE `key`="sitesubtitle";
----------------------------------------
2017-11-09 17:29:53
localhost/?XDEBUG_SESSION_START=11808
GET
SELECT * FROM uee_siteinfo WHERE `key`="headerwelcome";
----------------------------------------
2017-11-09 17:29:53
localhost/?XDEBUG_SESSION_START=11808
GET
SELECT * FROM uee_siteinfo WHERE `key`="headercontact";
----------------------------------------
2017-11-09 17:29:53
localhost/?XDEBUG_SESSION_START=11808
GET
SELECT * FROM uee_siteinfo WHERE `key`="headermenutitle1";
----------------------------------------
2017-11-09 17:29:53
localhost/?XDEBUG_SESSION_START=11808
GET
SELECT * FROM uee_siteinfo WHERE `key`="headermenulink1";
----------------------------------------
2017-11-09 17:29:53
localhost/?XDEBUG_SESSION_START=11808
GET
SELECT * FROM uee_siteinfo WHERE `key`="headermenutitle2";
----------------------------------------
2017-11-09 17:29:53
localhost/?XDEBUG_SESSION_START=11808
GET
SELECT * FROM uee_siteinfo WHERE `key`="headermenulink2";
----------------------------------------
2017-11-09 17:29:53
localhost/?XDEBUG_SESSION_START=11808
GET
SELECT * FROM uee_siteinfo WHERE `key`="headermenutitle3";
----------------------------------------
2017-11-09 17:29:53
localhost/?XDEBUG_SESSION_START=11808
GET
SELECT * FROM uee_siteinfo WHERE `key`="headermenulink3";
----------------------------------------
2017-11-09 17:29:53
localhost/?XDEBUG_SESSION_START=11808
GET
SELECT * FROM uee_siteinfo WHERE `key`="title";
----------------------------------------
2017-11-09 17:29:53
localhost/?XDEBUG_SESSION_START=11808
GET
SELECT * FROM uee_siteinfo WHERE `key`="description";
----------------------------------------
2017-11-09 17:29:53
localhost/?XDEBUG_SESSION_START=11808
GET
SELECT * FROM uee_siteinfo WHERE `key`="keywords";
----------------------------------------
2017-11-09 17:29:53
localhost/?XDEBUG_SESSION_START=11808
GET
SELECT * FROM uee_siteinfo WHERE `key`="copyright";
----------------------------------------
2017-11-09 17:29:53
localhost/?XDEBUG_SESSION_START=11808
GET
SELECT * FROM uee_siteinfo WHERE `key`="beianhao";
----------------------------------------
2017-11-09 17:29:53
localhost/?XDEBUG_SESSION_START=11808
GET
SELECT * FROM uee_siteinfo WHERE `key`="footertext";
----------------------------------------
2017-11-09 17:29:53
localhost/?XDEBUG_SESSION_START=11808
GET
SELECT * FROM uee_siteinfo WHERE `key`="footercontact";
----------------------------------------
2017-11-09 17:29:53
localhost/?XDEBUG_SESSION_START=11808
GET
SELECT * FROM uee_menusite WHERE id=4;
----------------------------------------
2017-11-09 17:29:53
localhost/?XDEBUG_SESSION_START=11808
GET
SELECT * FROM uee_menucontent WHERE `mid`="4" ORDER BY `listorder` DESC, `id` DESC;
----------------------------------------
2017-11-09 17:29:53
localhost/?XDEBUG_SESSION_START=11808
GET
SELECT * FROM uee_image WHERE `id` IN (0,0,0,0,0,0,0,0,0,0,0,0,0,0,0,0,0);
----------------------------------------
2017-11-09 17:29:53
localhost/?XDEBUG_SESSION_START=11808
GET
SELECT * FROM uee_menusite WHERE id=5;
----------------------------------------
2017-11-09 17:29:53
localhost/?XDEBUG_SESSION_START=11808
GET
SELECT * FROM uee_menucontent WHERE `mid`="5" ORDER BY `listorder` DESC, `id` DESC;
----------------------------------------
2017-11-09 17:29:53
localhost/?XDEBUG_SESSION_START=11808
GET
SELECT * FROM uee_image WHERE `id` IN (62,63,64,65,66,67,68,69);
----------------------------------------
2017-11-09 17:29:53
localhost/?XDEBUG_SESSION_START=11808
GET
SELECT * FROM uee_sliderbox WHERE id=2;
----------------------------------------
2017-11-09 17:29:53
localhost/?XDEBUG_SESSION_START=11808
GET
SELECT * FROM uee_sliderimg WHERE `sid`="2" ORDER BY `listorder` DESC, `id` DESC;
----------------------------------------
2017-11-09 17:29:53
localhost/?XDEBUG_SESSION_START=11808
GET
SELECT * FROM uee_image WHERE `id` IN (83);
----------------------------------------
2017-11-09 17:29:53
localhost/?XDEBUG_SESSION_START=11808
GET
SELECT * FROM uee_sliderbox WHERE id=1;
----------------------------------------
2017-11-09 17:29:53
localhost/?XDEBUG_SESSION_START=11808
GET
SELECT * FROM uee_sliderimg WHERE `sid`="1" ORDER BY `listorder` DESC, `id` DESC;
----------------------------------------
2017-11-09 17:29:53
localhost/?XDEBUG_SESSION_START=11808
GET
SELECT * FROM uee_image WHERE `id` IN (89,87,88);
----------------------------------------
2017-11-09 17:29:53
localhost/?XDEBUG_SESSION_START=11808
GET
SELECT * FROM uee_sliderbox WHERE id=5;
----------------------------------------
2017-11-09 17:29:53
localhost/?XDEBUG_SESSION_START=11808
GET
SELECT * FROM uee_sliderimg WHERE `sid`="5" ORDER BY `listorder` DESC, `id` DESC;
----------------------------------------
2017-11-09 17:29:53
localhost/?XDEBUG_SESSION_START=11808
GET
SELECT * FROM uee_image WHERE `id` IN (75);
----------------------------------------
2017-11-09 17:29:53
localhost/?XDEBUG_SESSION_START=11808
GET
SELECT count(`id`) FROM uee_product WHERE `type`="2" ORDER BY id DESC;
----------------------------------------
2017-11-09 17:29:53
localhost/?XDEBUG_SESSION_START=11808
GET
SELECT * FROM uee_product WHERE `type`="2" ORDER BY id DESC LIMIT 0,10;
----------------------------------------
2017-11-09 17:29:53
localhost/?XDEBUG_SESSION_START=11808
GET
SELECT * FROM uee_image WHERE `id` IN (104,103,102,100);
----------------------------------------
2017-11-09 17:29:53
localhost/?XDEBUG_SESSION_START=11808
GET
SELECT * FROM uee_siteinfo WHERE `key`="indexmodule1_title";
----------------------------------------
2017-11-09 17:29:53
localhost/?XDEBUG_SESSION_START=11808
GET
SELECT * FROM uee_siteinfo WHERE `key`="indexmodule1_subtitle";
----------------------------------------
2017-11-09 17:29:53
localhost/?XDEBUG_SESSION_START=11808
GET
SELECT * FROM uee_siteinfo WHERE `key`="indexmodule1_content";
----------------------------------------
2017-11-09 17:29:54
localhost/js/jquery.scrollshow.js
GET
Error Message: Class 'app\js\controller\jquery' not found(0)<br/>Error File: E:\www\ueepress2\libs\Route.php(115) : eval()'d code : 1<br>

----------------------------------------
2017-11-09 17:29:54
localhost/js/pt_js.js
GET
Error Message: Class 'app\js\controller\pt_js' not found(0)<br/>Error File: E:\www\ueepress2\libs\Route.php(115) : eval()'d code : 1<br>
