
----------------------------------------
2017-11-16 14:41:42
uee2.com/
GET
SELECT * FROM uee_siteinfo WHERE `key`="sitename";
----------------------------------------
2017-11-16 14:41:42
uee2.com/
GET
SELECT * FROM uee_siteinfo WHERE `key`="sitesubtitle";
----------------------------------------
2017-11-16 14:41:42
uee2.com/
GET
SELECT * FROM uee_siteinfo WHERE `key`="headerwelcome";
----------------------------------------
2017-11-16 14:41:42
uee2.com/
GET
SELECT * FROM uee_siteinfo WHERE `key`="headercontact";
----------------------------------------
2017-11-16 14:41:42
uee2.com/
GET
SELECT * FROM uee_siteinfo WHERE `key`="headermenutitle1";
----------------------------------------
2017-11-16 14:41:42
uee2.com/
GET
SELECT * FROM uee_siteinfo WHERE `key`="headermenulink1";
----------------------------------------
2017-11-16 14:41:42
uee2.com/
GET
SELECT * FROM uee_siteinfo WHERE `key`="headermenutitle2";
----------------------------------------
2017-11-16 14:41:42
uee2.com/
GET
SELECT * FROM uee_siteinfo WHERE `key`="headermenulink2";
----------------------------------------
2017-11-16 14:41:42
uee2.com/
GET
SELECT * FROM uee_siteinfo WHERE `key`="headermenutitle3";
----------------------------------------
2017-11-16 14:41:42
uee2.com/
GET
SELECT * FROM uee_siteinfo WHERE `key`="headermenulink3";
----------------------------------------
2017-11-16 14:41:42
uee2.com/
GET
SELECT * FROM uee_siteinfo WHERE `key`="title";
----------------------------------------
2017-11-16 14:41:42
uee2.com/
GET
SELECT * FROM uee_siteinfo WHERE `key`="description";
----------------------------------------
2017-11-16 14:41:42
uee2.com/
GET
SELECT * FROM uee_siteinfo WHERE `key`="keywords";
----------------------------------------
2017-11-16 14:41:42
uee2.com/
GET
SELECT * FROM uee_siteinfo WHERE `key`="copyright";
----------------------------------------
2017-11-16 14:41:42
uee2.com/
GET
SELECT * FROM uee_siteinfo WHERE `key`="beianhao";
----------------------------------------
2017-11-16 14:41:42
uee2.com/
GET
SELECT * FROM uee_siteinfo WHERE `key`="footertext";
----------------------------------------
2017-11-16 14:41:42
uee2.com/
GET
SELECT * FROM uee_siteinfo WHERE `key`="footercontact";
----------------------------------------
2017-11-16 14:41:42
uee2.com/
GET
SELECT * FROM uee_siteinfo WHERE `key`="floatservicelink";
----------------------------------------
2017-11-16 14:41:42
uee2.com/
GET
SELECT * FROM uee_menulist WHERE id=4;
----------------------------------------
2017-11-16 14:41:42
uee2.com/
GET
SELECT * FROM uee_menucontent WHERE `mid` = "4" AND `parent_id` = "0" ORDER BY `listorder` DESC, `id` DESC;
----------------------------------------
2017-11-16 14:41:42
uee2.com/
GET
SELECT * FROM uee_image WHERE `id` IN (0,0,0,0,0,0,0);
----------------------------------------
2017-11-16 14:41:42
uee2.com/
GET
SELECT * FROM uee_menulist WHERE id=5;
----------------------------------------
2017-11-16 14:41:42
uee2.com/
GET
SELECT * FROM uee_menucontent WHERE `mid` = "5" AND `parent_id` = "0" ORDER BY `listorder` DESC, `id` DESC;
----------------------------------------
2017-11-16 14:41:42
uee2.com/
GET
SELECT * FROM uee_image WHERE `id` IN (0,0,0,0,0,0);
----------------------------------------
2017-11-16 14:41:42
uee2.com/
GET
SELECT * FROM uee_sliderbox WHERE id=1;
----------------------------------------
2017-11-16 14:41:42
uee2.com/
GET
SELECT * FROM uee_sliderimg WHERE `sid`="1" ORDER BY `listorder` DESC, `id` DESC;
----------------------------------------
2017-11-16 14:41:42
uee2.com/
GET
SELECT * FROM uee_image WHERE `id` IN (175);
----------------------------------------
2017-11-16 14:41:42
uee2.com/
GET
SELECT * FROM uee_sliderbox WHERE id=2;
----------------------------------------
2017-11-16 14:41:42
uee2.com/
GET
SELECT * FROM uee_sliderimg WHERE `sid`="2" ORDER BY `listorder` DESC, `id` DESC;
----------------------------------------
2017-11-16 14:41:42
uee2.com/
GET
SELECT * FROM uee_image WHERE `id` IN (178,177,176);
----------------------------------------
2017-11-16 14:41:42
uee2.com/
GET
SELECT * FROM uee_sliderbox WHERE id=5;
----------------------------------------
2017-11-16 14:41:42
uee2.com/
GET
SELECT * FROM uee_sliderimg WHERE `sid`="5" ORDER BY `listorder` DESC, `id` DESC;
----------------------------------------
2017-11-16 14:41:42
uee2.com/
GET
SELECT * FROM uee_image WHERE `id` IN (179);
----------------------------------------
2017-11-16 14:41:42
uee2.com/
GET
SELECT * FROM uee_sliderbox WHERE id=6;
----------------------------------------
2017-11-16 14:41:42
uee2.com/
GET
SELECT * FROM uee_sliderimg WHERE `sid`="6" ORDER BY `listorder` DESC, `id` DESC;
----------------------------------------
2017-11-16 14:41:42
uee2.com/
GET
SELECT * FROM uee_image WHERE `id` IN (208);
----------------------------------------
2017-11-16 14:41:42
uee2.com/
GET
SELECT * FROM uee_siteinfo WHERE `key`="indexmodule4_link";
----------------------------------------
2017-11-16 14:41:42
uee2.com/
GET
SELECT count(`id`) FROM uee_product WHERE `type`="2" ORDER BY id DESC;
----------------------------------------
2017-11-16 14:41:42
uee2.com/
GET
SELECT * FROM uee_product WHERE `type`="2" ORDER BY id DESC LIMIT 0,10;
----------------------------------------
2017-11-16 14:41:42
uee2.com/
GET
SELECT * FROM uee_image WHERE `id` IN (206,205,204,203,202,201,200,199);
----------------------------------------
2017-11-16 14:41:42
uee2.com/
GET
SELECT * FROM uee_category WHERE `id` IN (0,0,0,0,0,0,0,0);
----------------------------------------
2017-11-16 14:41:42
uee2.com/
GET
SELECT * FROM uee_link WHERE `status`="1";
----------------------------------------
2017-11-16 14:41:42
uee2.com/
GET
SELECT * FROM uee_siteinfo WHERE `key`="indexmodule1_title";
----------------------------------------
2017-11-16 14:41:42
uee2.com/
GET
SELECT * FROM uee_siteinfo WHERE `key`="indexmodule1_subtitle";
----------------------------------------
2017-11-16 14:41:42
uee2.com/
GET
SELECT * FROM uee_siteinfo WHERE `key`="indexmodule1_content";
----------------------------------------
2017-11-16 14:41:42
uee2.com/
GET
SELECT * FROM uee_siteinfo WHERE `key`="indexmodule2_title";
----------------------------------------
2017-11-16 14:41:42
uee2.com/
GET
SELECT * FROM uee_siteinfo WHERE `key`="indexmodule2_subtitle";
----------------------------------------
2017-11-16 14:41:42
uee2.com/
GET
SELECT * FROM uee_siteinfo WHERE `key`="indexmodule2_link";
----------------------------------------
2017-11-16 14:41:42
uee2.com/
GET
SELECT * FROM uee_siteinfo WHERE `key`="indexmodule2_cateid";
----------------------------------------
2017-11-16 14:41:42
uee2.com/
GET
SELECT * FROM uee_article WHERE `type` = "1" AND `cate_id` = "5" ORDER BY id DESC LIMIT 0,5;
----------------------------------------
2017-11-16 14:41:42
uee2.com/
GET
SELECT * FROM uee_siteinfo WHERE `key`="indexmodule3_title";
----------------------------------------
2017-11-16 14:41:42
uee2.com/
GET
SELECT * FROM uee_siteinfo WHERE `key`="indexmodule3_subtitle";
----------------------------------------
2017-11-16 14:41:42
uee2.com/
GET
SELECT * FROM uee_siteinfo WHERE `key`="indexmodule3_link";
----------------------------------------
2017-11-16 14:41:42
uee2.com/
GET
SELECT * FROM uee_siteinfo WHERE `key`="indexmodule3_cateid";
----------------------------------------
2017-11-16 14:41:42
uee2.com/
GET
SELECT * FROM uee_article WHERE `type` = "1" AND `cate_id` = "4" ORDER BY id DESC LIMIT 0,5;
----------------------------------------
2017-11-16 14:41:43
uee2.com/static/index/limages/wen_right_line.png
GET
Error Message: syntax error, unexpected 'static' (T_STATIC), expecting identifier (T_STRING)(0)<br/>Error File: E:\www\ueepress2\libs\Route.php(115) : eval()'d code : 1<br>

----------------------------------------
2017-11-16 14:43:29
uee2.com/index/acategory/index?id=4
GET
SELECT * FROM uee_siteinfo WHERE `key`="sitename";
----------------------------------------
2017-11-16 14:43:29
uee2.com/index/acategory/index?id=4
GET
SELECT * FROM uee_siteinfo WHERE `key`="sitesubtitle";
----------------------------------------
2017-11-16 14:43:29
uee2.com/index/acategory/index?id=4
GET
SELECT * FROM uee_siteinfo WHERE `key`="headerwelcome";
----------------------------------------
2017-11-16 14:43:29
uee2.com/index/acategory/index?id=4
GET
SELECT * FROM uee_siteinfo WHERE `key`="headercontact";
----------------------------------------
2017-11-16 14:43:29
uee2.com/index/acategory/index?id=4
GET
SELECT * FROM uee_siteinfo WHERE `key`="headermenutitle1";
----------------------------------------
2017-11-16 14:43:29
uee2.com/index/acategory/index?id=4
GET
SELECT * FROM uee_siteinfo WHERE `key`="headermenulink1";
----------------------------------------
2017-11-16 14:43:29
uee2.com/index/acategory/index?id=4
GET
SELECT * FROM uee_siteinfo WHERE `key`="headermenutitle2";
----------------------------------------
2017-11-16 14:43:29
uee2.com/index/acategory/index?id=4
GET
SELECT * FROM uee_siteinfo WHERE `key`="headermenulink2";
----------------------------------------
2017-11-16 14:43:29
uee2.com/index/acategory/index?id=4
GET
SELECT * FROM uee_siteinfo WHERE `key`="headermenutitle3";
----------------------------------------
2017-11-16 14:43:29
uee2.com/index/acategory/index?id=4
GET
SELECT * FROM uee_siteinfo WHERE `key`="headermenulink3";
----------------------------------------
2017-11-16 14:43:29
uee2.com/index/acategory/index?id=4
GET
SELECT * FROM uee_siteinfo WHERE `key`="title";
----------------------------------------
2017-11-16 14:43:29
uee2.com/index/acategory/index?id=4
GET
SELECT * FROM uee_siteinfo WHERE `key`="description";
----------------------------------------
2017-11-16 14:43:29
uee2.com/index/acategory/index?id=4
GET
SELECT * FROM uee_siteinfo WHERE `key`="keywords";
----------------------------------------
2017-11-16 14:43:29
uee2.com/index/acategory/index?id=4
GET
SELECT * FROM uee_siteinfo WHERE `key`="copyright";
----------------------------------------
2017-11-16 14:43:29
uee2.com/index/acategory/index?id=4
GET
SELECT * FROM uee_siteinfo WHERE `key`="beianhao";
----------------------------------------
2017-11-16 14:43:29
uee2.com/index/acategory/index?id=4
GET
SELECT * FROM uee_siteinfo WHERE `key`="footertext";
----------------------------------------
2017-11-16 14:43:29
uee2.com/index/acategory/index?id=4
GET
SELECT * FROM uee_siteinfo WHERE `key`="footercontact";
----------------------------------------
2017-11-16 14:43:29
uee2.com/index/acategory/index?id=4
GET
SELECT * FROM uee_siteinfo WHERE `key`="floatservicelink";
----------------------------------------
2017-11-16 14:43:29
uee2.com/index/acategory/index?id=4
GET
SELECT * FROM uee_menulist WHERE id=4;
----------------------------------------
2017-11-16 14:43:29
uee2.com/index/acategory/index?id=4
GET
SELECT * FROM uee_menucontent WHERE `mid` = "4" AND `parent_id` = "0" ORDER BY `listorder` DESC, `id` DESC;
----------------------------------------
2017-11-16 14:43:29
uee2.com/index/acategory/index?id=4
GET
SELECT * FROM uee_image WHERE `id` IN (0,0,0,0,0,0,0);
----------------------------------------
2017-11-16 14:43:29
uee2.com/index/acategory/index?id=4
GET
SELECT * FROM uee_menulist WHERE id=5;
----------------------------------------
2017-11-16 14:43:29
uee2.com/index/acategory/index?id=4
GET
SELECT * FROM uee_menucontent WHERE `mid` = "5" AND `parent_id` = "0" ORDER BY `listorder` DESC, `id` DESC;
----------------------------------------
2017-11-16 14:43:29
uee2.com/index/acategory/index?id=4
GET
SELECT * FROM uee_image WHERE `id` IN (0,0,0,0,0,0);
----------------------------------------
2017-11-16 14:43:29
uee2.com/index/acategory/index?id=4
GET
SELECT * FROM uee_sliderbox WHERE id=1;
----------------------------------------
2017-11-16 14:43:29
uee2.com/index/acategory/index?id=4
GET
SELECT * FROM uee_sliderimg WHERE `sid`="1" ORDER BY `listorder` DESC, `id` DESC;
----------------------------------------
2017-11-16 14:43:29
uee2.com/index/acategory/index?id=4
GET
SELECT * FROM uee_image WHERE `id` IN (175);
----------------------------------------
2017-11-16 14:43:29
uee2.com/index/acategory/index?id=4
GET
SELECT * FROM uee_sliderbox WHERE id=2;
----------------------------------------
2017-11-16 14:43:29
uee2.com/index/acategory/index?id=4
GET
SELECT * FROM uee_sliderimg WHERE `sid`="2" ORDER BY `listorder` DESC, `id` DESC;
----------------------------------------
2017-11-16 14:43:29
uee2.com/index/acategory/index?id=4
GET
SELECT * FROM uee_image WHERE `id` IN (178,177,176);
----------------------------------------
2017-11-16 14:43:29
uee2.com/index/acategory/index?id=4
GET
SELECT * FROM uee_sliderbox WHERE id=5;
----------------------------------------
2017-11-16 14:43:29
uee2.com/index/acategory/index?id=4
GET
SELECT * FROM uee_sliderimg WHERE `sid`="5" ORDER BY `listorder` DESC, `id` DESC;
----------------------------------------
2017-11-16 14:43:29
uee2.com/index/acategory/index?id=4
GET
SELECT * FROM uee_image WHERE `id` IN (179);
----------------------------------------
2017-11-16 14:43:29
uee2.com/index/acategory/index?id=4
GET
SELECT * FROM uee_sliderbox WHERE id=6;
----------------------------------------
2017-11-16 14:43:29
uee2.com/index/acategory/index?id=4
GET
SELECT * FROM uee_sliderimg WHERE `sid`="6" ORDER BY `listorder` DESC, `id` DESC;
----------------------------------------
2017-11-16 14:43:29
uee2.com/index/acategory/index?id=4
GET
SELECT * FROM uee_image WHERE `id` IN (208);
----------------------------------------
2017-11-16 14:43:29
uee2.com/index/acategory/index?id=4
GET
SELECT * FROM uee_product WHERE `type` = "1" AND `stick` = "1" ORDER BY id DESC LIMIT 0,3;
----------------------------------------
2017-11-16 14:43:29
uee2.com/index/acategory/index?id=4
GET
SELECT * FROM uee_image WHERE `id` IN (189,184);
----------------------------------------
2017-11-16 14:43:29
uee2.com/index/acategory/index?id=4
GET
SELECT * FROM uee_category WHERE `parent_id`="4";
----------------------------------------
2017-11-16 14:43:29
uee2.com/index/acategory/index?id=4
GET
SELECT count(`id`) FROM uee_article WHERE `type` = "1" AND `cate_id` IN (4) ORDER BY id DESC;
----------------------------------------
2017-11-16 14:43:29
uee2.com/index/acategory/index?id=4
GET
SELECT * FROM uee_article WHERE `type` = "1" AND `cate_id` IN (4) ORDER BY id DESC LIMIT 0,10;
----------------------------------------
2017-11-16 14:43:29
uee2.com/index/acategory/index?id=4
GET
SELECT * FROM uee_image WHERE `id` IN (0,0,0,0,0);
----------------------------------------
2017-11-16 14:43:29
uee2.com/index/acategory/index?id=4
GET
SELECT * FROM uee_category WHERE `id` IN (4,4,4,4,4);
----------------------------------------
2017-11-16 14:43:29
uee2.com/index/acategory/index?id=4
GET
SELECT * FROM uee_category WHERE id=4;
----------------------------------------
2017-11-16 14:43:29
uee2.com/index/acategory/index?id=4
GET
SELECT * FROM uee_menucontent WHERE `mid` = "9" AND `parent_id` = "0" ORDER BY `listorder` DESC, `id` DESC;
----------------------------------------
2017-11-16 14:43:29
uee2.com/static/index/images/new_li.png
GET
Error Message: syntax error, unexpected 'static' (T_STATIC), expecting identifier (T_STRING)(0)<br/>Error File: E:\www\ueepress2\libs\Route.php(115) : eval()'d code : 1<br>

----------------------------------------
2017-11-16 14:43:40
uee2.com/admin
GET
Error Message: Undefined index: (0)<br/>Error File: E:\www\ueepress2\libs\Session.php : 41<br>

----------------------------------------
2017-11-16 14:43:40
uee2.com/admin
GET
SELECT * FROM uee_comment WHERE `type` IN (0,1,2) AND `status` = "0";
----------------------------------------
2017-11-16 14:43:40
uee2.com/admin
GET
SELECT * FROM uee_comment WHERE `type` = "3" AND `status` = "0";
----------------------------------------
2017-11-16 14:43:40
uee2.com/api/login/captcha
GET
Error Message: session_start(): Cannot send session cache limiter - headers already sent (output started at E:\www\ueepress2\app\api\service\Captcha.php:63)(0)<br/>Error File: E:\www\ueepress2\libs\Session.php : 53<br>

----------------------------------------
2017-11-16 14:43:46
uee2.com/api/login/login
POST
SELECT * FROM uee_admin WHERE `title`="admin";
----------------------------------------
2017-11-16 14:43:46
uee2.com/api/login/login
POST
UPDATE uee_admin SET `logintimes`=`logintimes`+1,`update_time`=1510814626 WHERE `id`="1"
----------------------------------------
2017-11-16 14:43:46
uee2.com/api/login/login
POST
UPDATE uee_admin SET `lastloginip`="127.0.0.1",`lastlogintime`="1510814626",`update_time`="1510814626" WHERE `title`="admin"
----------------------------------------
2017-11-16 14:43:46
uee2.com/admin/index/index
GET
SELECT * FROM uee_comment WHERE `type` IN (0,1,2) AND `status` = "0";
----------------------------------------
2017-11-16 14:43:46
uee2.com/admin/index/index
GET
SELECT * FROM uee_comment WHERE `type` = "3" AND `status` = "0";
----------------------------------------
2017-11-16 14:43:46
uee2.com/admin/index/welcome
GET
SELECT * FROM uee_admin WHERE `title`="admin";
----------------------------------------
2017-11-16 14:43:46
uee2.com/admin/index/welcome
GET
SELECT * FROM uee_article WHERE `type`="1";
----------------------------------------
2017-11-16 14:43:46
uee2.com/admin/index/welcome
GET
SELECT * FROM uee_comment WHERE `type` IN (0,1,2);
----------------------------------------
2017-11-16 14:43:46
uee2.com/admin/index/welcome
GET
SELECT * FROM uee_comment WHERE `type`="3";
----------------------------------------
2017-11-16 14:43:46
uee2.com/admin/index/welcome
GET
SELECT * FROM uee_admin;
----------------------------------------
2017-11-16 14:43:46
uee2.com/admin/index/welcome
GET
SELECT * FROM uee_role;